{"/home/travis/build/npmtest/node-npmtest-object-merge/test.js":{"path":"/home/travis/build/npmtest/node-npmtest-object-merge/test.js","s":{"1":2,"2":2,"3":2,"4":2,"5":2,"6":2,"7":2,"8":1,"9":2,"10":2,"11":1,"12":1,"13":1,"14":1,"15":2,"16":2,"17":2,"18":2,"19":1,"20":1,"21":2,"22":2,"23":2,"24":1,"25":1,"26":1,"27":1,"28":1,"29":1,"30":1,"31":1,"32":1,"33":1,"34":1,"35":1,"36":1,"37":1,"38":1,"39":2,"40":2,"41":1,"42":2,"43":2,"44":1,"45":2,"46":2,"47":1,"48":2,"49":2,"50":1,"51":1,"52":1,"53":1,"54":1},"b":{"1":[2,1,1,1],"2":[1,1,1,1],"3":[1,1],"4":[1,1],"5":[1,1],"6":[1,1],"7":[1,1],"8":[1,1],"9":[1,1],"10":[1,1,1],"11":[1,1],"12":[1,1],"13":[1,1],"14":[1,1],"15":[1,1],"16":[1,1],"17":[1,1]},"f":{"1":2,"2":2,"3":2,"4":2,"5":2,"6":1,"7":1,"8":1,"9":2,"10":2,"11":2,"12":2,"13":1},"fnMap":{"1":{"name":"(anonymous_1)","line":12,"loc":{"start":{"line":12,"column":1},"end":{"line":12,"column":13}}},"2":{"name":"(anonymous_2)","line":19,"loc":{"start":{"line":19,"column":5},"end":{"line":19,"column":17}}},"3":{"name":"(anonymous_3)","line":23,"loc":{"start":{"line":23,"column":24},"end":{"line":23,"column":36}}},"4":{"name":"(anonymous_4)","line":61,"loc":{"start":{"line":61,"column":5},"end":{"line":61,"column":17}}},"5":{"name":"(anonymous_5)","line":82,"loc":{"start":{"line":82,"column":5},"end":{"line":82,"column":17}}},"6":{"name":"(anonymous_6)","line":91,"loc":{"start":{"line":91,"column":77},"end":{"line":94,"column":10}}},"7":{"name":"(anonymous_7)","line":112,"loc":{"start":{"line":112,"column":83},"end":{"line":115,"column":10}},"skip":true},"8":{"name":"(anonymous_8)","line":123,"loc":{"start":{"line":123,"column":77},"end":{"line":126,"column":10}},"skip":true},"9":{"name":"(anonymous_9)","line":139,"loc":{"start":{"line":139,"column":12},"end":{"line":139,"column":40}},"skip":true},"10":{"name":"(anonymous_10)","line":147,"loc":{"start":{"line":147,"column":77},"end":{"line":150,"column":10}},"skip":true},"11":{"name":"(anonymous_11)","line":158,"loc":{"start":{"line":158,"column":83},"end":{"line":161,"column":10}},"skip":true},"12":{"name":"(anonymous_12)","line":169,"loc":{"start":{"line":169,"column":79},"end":{"line":172,"column":10}},"skip":true},"13":{"name":"(anonymous_13)","line":180,"loc":{"start":{"line":180,"column":75},"end":{"line":183,"column":10}},"skip":true}},"statementMap":{"1":{"start":{"line":12,"column":0},"end":{"line":195,"column":5}},"2":{"start":{"line":14,"column":4},"end":{"line":14,"column":14}},"3":{"start":{"line":19,"column":4},"end":{"line":56,"column":9}},"4":{"start":{"line":21,"column":8},"end":{"line":21,"column":19}},"5":{"start":{"line":23,"column":8},"end":{"line":35,"column":13}},"6":{"start":{"line":24,"column":12},"end":{"line":34,"column":13}},"7":{"start":{"line":25,"column":16},"end":{"line":28,"column":30}},"8":{"start":{"line":30,"column":16},"end":{"line":33,"column":27}},"9":{"start":{"line":37,"column":8},"end":{"line":39,"column":21}},"10":{"start":{"line":40,"column":8},"end":{"line":53,"column":9}},"11":{"start":{"line":43,"column":12},"end":{"line":46,"column":14}},"12":{"start":{"line":47,"column":12},"end":{"line":47,"column":18}},"13":{"start":{"line":50,"column":12},"end":{"line":51,"column":46}},"14":{"start":{"line":52,"column":12},"end":{"line":52,"column":18}},"15":{"start":{"line":55,"column":8},"end":{"line":55,"column":35}},"16":{"start":{"line":61,"column":4},"end":{"line":63,"column":9}},"17":{"start":{"line":62,"column":8},"end":{"line":62,"column":15}},"18":{"start":{"line":64,"column":4},"end":{"line":77,"column":5}},"19":{"start":{"line":70,"column":8},"end":{"line":70,"column":14}},"20":{"start":{"line":76,"column":8},"end":{"line":76,"column":14}},"21":{"start":{"line":82,"column":4},"end":{"line":84,"column":9}},"22":{"start":{"line":83,"column":8},"end":{"line":83,"column":15}},"23":{"start":{"line":85,"column":4},"end":{"line":194,"column":5}},"24":{"start":{"line":91,"column":8},"end":{"line":99,"column":10}},"25":{"start":{"line":98,"column":12},"end":{"line":98,"column":35}},"26":{"start":{"line":102,"column":8},"end":{"line":104,"column":63}},"27":{"start":{"line":105,"column":8},"end":{"line":105,"column":14}},"28":{"start":{"line":112,"column":8},"end":{"line":121,"column":10},"skip":true},"29":{"start":{"line":119,"column":12},"end":{"line":119,"column":55},"skip":true},"30":{"start":{"line":120,"column":12},"end":{"line":120,"column":48},"skip":true},"31":{"start":{"line":123,"column":8},"end":{"line":136,"column":10},"skip":true},"32":{"start":{"line":130,"column":12},"end":{"line":130,"column":76},"skip":true},"33":{"start":{"line":131,"column":12},"end":{"line":131,"column":73},"skip":true},"34":{"start":{"line":132,"column":12},"end":{"line":132,"column":74},"skip":true},"35":{"start":{"line":133,"column":12},"end":{"line":133,"column":79},"skip":true},"36":{"start":{"line":134,"column":12},"end":{"line":134,"column":25},"skip":true},"37":{"start":{"line":135,"column":12},"end":{"line":135,"column":45},"skip":true},"38":{"start":{"line":138,"column":8},"end":{"line":145,"column":14},"skip":true},"39":{"start":{"line":143,"column":16},"end":{"line":143,"column":29},"skip":true},"40":{"start":{"line":144,"column":16},"end":{"line":144,"column":55},"skip":true},"41":{"start":{"line":147,"column":8},"end":{"line":156,"column":10},"skip":true},"42":{"start":{"line":154,"column":12},"end":{"line":154,"column":25},"skip":true},"43":{"start":{"line":155,"column":12},"end":{"line":155,"column":45},"skip":true},"44":{"start":{"line":158,"column":8},"end":{"line":167,"column":10},"skip":true},"45":{"start":{"line":165,"column":12},"end":{"line":165,"column":25},"skip":true},"46":{"start":{"line":166,"column":12},"end":{"line":166,"column":48},"skip":true},"47":{"start":{"line":169,"column":8},"end":{"line":178,"column":10},"skip":true},"48":{"start":{"line":176,"column":12},"end":{"line":176,"column":25},"skip":true},"49":{"start":{"line":177,"column":12},"end":{"line":177,"column":46},"skip":true},"50":{"start":{"line":180,"column":8},"end":{"line":189,"column":10},"skip":true},"51":{"start":{"line":187,"column":12},"end":{"line":187,"column":94},"skip":true},"52":{"start":{"line":188,"column":12},"end":{"line":188,"column":48},"skip":true},"53":{"start":{"line":192,"column":8},"end":{"line":192,"column":35},"skip":true},"54":{"start":{"line":193,"column":8},"end":{"line":193,"column":14},"skip":true}},"branchMap":{"1":{"line":25,"type":"binary-expr","locations":[{"start":{"line":25,"column":23},"end":{"line":25,"column":62}},{"start":{"line":26,"column":20},"end":{"line":26,"column":70}},{"start":{"line":27,"column":20},"end":{"line":27,"column":71}},{"start":{"line":28,"column":20},"end":{"line":28,"column":29}}]},"2":{"line":30,"type":"binary-expr","locations":[{"start":{"line":30,"column":23},"end":{"line":30,"column":37}},{"start":{"line":31,"column":20},"end":{"line":31,"column":61}},{"start":{"line":32,"column":20},"end":{"line":32,"column":70}},{"start":{"line":33,"column":20},"end":{"line":33,"column":26}}]},"3":{"line":37,"type":"cond-expr","locations":[{"start":{"line":38,"column":14},"end":{"line":38,"column":20}},{"start":{"line":39,"column":14},"end":{"line":39,"column":20}}]},"4":{"line":40,"type":"switch","locations":[{"start":{"line":42,"column":8},"end":{"line":47,"column":18}},{"start":{"line":49,"column":8},"end":{"line":52,"column":18}}]},"5":{"line":44,"type":"binary-expr","locations":[{"start":{"line":44,"column":16},"end":{"line":44,"column":44}},{"start":{"line":44,"column":48},"end":{"line":44,"column":66}}]},"6":{"line":50,"type":"binary-expr","locations":[{"start":{"line":50,"column":21},"end":{"line":50,"column":49}},{"start":{"line":50,"column":53},"end":{"line":50,"column":72}}]},"7":{"line":64,"type":"switch","locations":[{"start":{"line":69,"column":4},"end":{"line":70,"column":14}},{"start":{"line":75,"column":4},"end":{"line":76,"column":14}}]},"8":{"line":85,"type":"switch","locations":[{"start":{"line":90,"column":4},"end":{"line":105,"column":14}},{"start":{"line":111,"column":4},"end":{"line":193,"column":14},"skip":true}]},"9":{"line":91,"type":"binary-expr","locations":[{"start":{"line":91,"column":42},"end":{"line":91,"column":73}},{"start":{"line":91,"column":77},"end":{"line":99,"column":9}}]},"10":{"line":102,"type":"binary-expr","locations":[{"start":{"line":102,"column":18},"end":{"line":102,"column":32}},{"start":{"line":103,"column":12},"end":{"line":103,"column":53}},{"start":{"line":104,"column":12},"end":{"line":104,"column":61}}]},"11":{"line":112,"type":"binary-expr","locations":[{"start":{"line":112,"column":45},"end":{"line":112,"column":79},"skip":true},{"start":{"line":112,"column":83},"end":{"line":121,"column":9},"skip":true}]},"12":{"line":123,"type":"binary-expr","locations":[{"start":{"line":123,"column":42},"end":{"line":123,"column":73},"skip":true},{"start":{"line":123,"column":77},"end":{"line":136,"column":9},"skip":true}]},"13":{"line":138,"type":"binary-expr","locations":[{"start":{"line":138,"column":48},"end":{"line":138,"column":85},"skip":true},{"start":{"line":139,"column":12},"end":{"line":145,"column":13},"skip":true}]},"14":{"line":147,"type":"binary-expr","locations":[{"start":{"line":147,"column":42},"end":{"line":147,"column":73},"skip":true},{"start":{"line":147,"column":77},"end":{"line":156,"column":9},"skip":true}]},"15":{"line":158,"type":"binary-expr","locations":[{"start":{"line":158,"column":45},"end":{"line":158,"column":79},"skip":true},{"start":{"line":158,"column":83},"end":{"line":167,"column":9},"skip":true}]},"16":{"line":169,"type":"binary-expr","locations":[{"start":{"line":169,"column":43},"end":{"line":169,"column":75},"skip":true},{"start":{"line":169,"column":79},"end":{"line":178,"column":9},"skip":true}]},"17":{"line":180,"type":"binary-expr","locations":[{"start":{"line":180,"column":41},"end":{"line":180,"column":71},"skip":true},{"start":{"line":180,"column":75},"end":{"line":189,"column":9},"skip":true}]}},"code":["/* istanbul instrument in package npmtest_object_merge */","/*jslint","    bitwise: true,","    browser: true,","    maxerr: 8,","    maxlen: 96,","    node: true,","    nomen: true,","    regexp: true,","    stupid: true","*/","(function () {","    'use strict';","    var local;","","","","    // run shared js-env code - pre-init","    (function () {","        // init local","        local = {};","        // init modeJs","        local.modeJs = (function () {","            try {","                return typeof navigator.userAgent === 'string' &&","                    typeof document.querySelector('body') === 'object' &&","                    typeof XMLHttpRequest.prototype.open === 'function' &&","                    'browser';","            } catch (errorCaughtBrowser) {","                return module.exports &&","                    typeof process.versions.node === 'string' &&","                    typeof require('http').createServer === 'function' &&","                    'node';","            }","        }());","        // init global","        local.global = local.modeJs === 'browser'","            ? window","            : global;","        switch (local.modeJs) {","        // re-init local from window.local","        case 'browser':","            local = local.global.utility2.objectSetDefault(","                local.global.utility2_rollup || local.global.local,","                local.global.utility2","            );","            break;","        // re-init local from example.js","        case 'node':","            local = (local.global.utility2_rollup || require('utility2'))","                .requireExampleJsFromReadme();","            break;","        }","        // export local","        local.global.local = local;","    }());","","","","    // run shared js-env code - function","    (function () {","        return;","    }());","    switch (local.modeJs) {","","","","    // run browser js-env code - function","    case 'browser':","        break;","","","","    // run node js-env code - function","    case 'node':","        break;","    }","","","","    // run shared js-env code - post-init","    (function () {","        return;","    }());","    switch (local.modeJs) {","","","","    // run browser js-env code - post-init","    case 'browser':","        local.testCase_browser_nullCase = local.testCase_browser_nullCase || function (","            options,","            onError","        ) {","        /*","         * this function will test browsers's null-case handling-behavior-behavior","         */","            onError(null, options);","        };","","        // run tests","        local.nop(local.modeTest &&","            document.querySelector('#testRunButton1') &&","            document.querySelector('#testRunButton1').click());","        break;","","","","    // run node js-env code - post-init","    /* istanbul ignore next */","    case 'node':","        local.testCase_buildApidoc_default = local.testCase_buildApidoc_default || function (","            options,","            onError","        ) {","        /*","         * this function will test buildApidoc's default handling-behavior-behavior","         */","            options = { modulePathList: module.paths };","            local.buildApidoc(options, onError);","        };","","        local.testCase_buildApp_default = local.testCase_buildApp_default || function (","            options,","            onError","        ) {","        /*","         * this function will test buildApp's default handling-behavior-behavior","         */","            local.testCase_buildReadme_default(options, local.onErrorThrow);","            local.testCase_buildLib_default(options, local.onErrorThrow);","            local.testCase_buildTest_default(options, local.onErrorThrow);","            local.testCase_buildCustomOrg_default(options, local.onErrorThrow);","            options = [];","            local.buildApp(options, onError);","        };","","        local.testCase_buildCustomOrg_default = local.testCase_buildCustomOrg_default ||","            function (options, onError) {","            /*","             * this function will test buildCustomOrg's default handling-behavior","             */","                options = {};","                local.buildCustomOrg(options, onError);","            };","","        local.testCase_buildLib_default = local.testCase_buildLib_default || function (","            options,","            onError","        ) {","        /*","         * this function will test buildLib's default handling-behavior","         */","            options = {};","            local.buildLib(options, onError);","        };","","        local.testCase_buildReadme_default = local.testCase_buildReadme_default || function (","            options,","            onError","        ) {","        /*","         * this function will test buildReadme's default handling-behavior-behavior","         */","            options = {};","            local.buildReadme(options, onError);","        };","","        local.testCase_buildTest_default = local.testCase_buildTest_default || function (","            options,","            onError","        ) {","        /*","         * this function will test buildTest's default handling-behavior","         */","            options = {};","            local.buildTest(options, onError);","        };","","        local.testCase_webpage_default = local.testCase_webpage_default || function (","            options,","            onError","        ) {","        /*","         * this function will test webpage's default handling-behavior","         */","            options = { modeCoverageMerge: true, url: local.serverLocalHost + '?modeTest=1' };","            local.browserTest(options, onError);","        };","","        // run test-server","        local.testRunServer(local);","        break;","    }","}());",""],"l":{"12":2,"14":2,"19":2,"21":2,"23":2,"24":2,"25":2,"30":1,"37":2,"40":2,"43":1,"47":1,"50":1,"52":1,"55":2,"61":2,"62":2,"64":2,"70":1,"76":1,"82":2,"83":2,"85":2,"91":1,"98":1,"102":1,"105":1,"112":1,"119":1,"120":1,"123":1,"130":1,"131":1,"132":1,"133":1,"134":1,"135":1,"138":1,"143":2,"144":2,"147":1,"154":2,"155":2,"158":1,"165":2,"166":2,"169":1,"176":2,"177":2,"180":1,"187":1,"188":1,"192":1,"193":1}},"/home/travis/build/npmtest/node-npmtest-object-merge/lib.npmtest_object_merge.js":{"path":"/home/travis/build/npmtest/node-npmtest-object-merge/lib.npmtest_object_merge.js","s":{"1":2,"2":2,"3":2,"4":2,"5":2,"6":2,"7":2,"8":1,"9":2,"10":2,"11":2,"12":2,"13":1,"14":1,"15":1,"16":1},"b":{"1":[2,1,1,1],"2":[1,1,1,1],"3":[1,1],"4":[2,2],"5":[1,1]},"f":{"1":2,"2":2,"3":2},"fnMap":{"1":{"name":"(anonymous_1)","line":12,"loc":{"start":{"line":12,"column":1},"end":{"line":12,"column":13}}},"2":{"name":"(anonymous_2)","line":19,"loc":{"start":{"line":19,"column":5},"end":{"line":19,"column":17}}},"3":{"name":"(anonymous_3)","line":23,"loc":{"start":{"line":23,"column":24},"end":{"line":23,"column":36}}}},"statementMap":{"1":{"start":{"line":12,"column":0},"end":{"line":53,"column":5}},"2":{"start":{"line":14,"column":4},"end":{"line":14,"column":14}},"3":{"start":{"line":19,"column":4},"end":{"line":52,"column":9}},"4":{"start":{"line":21,"column":8},"end":{"line":21,"column":19}},"5":{"start":{"line":23,"column":8},"end":{"line":35,"column":13}},"6":{"start":{"line":24,"column":12},"end":{"line":34,"column":13}},"7":{"start":{"line":25,"column":16},"end":{"line":28,"column":30}},"8":{"start":{"line":30,"column":16},"end":{"line":33,"column":27}},"9":{"start":{"line":37,"column":8},"end":{"line":39,"column":21}},"10":{"start":{"line":41,"column":8},"end":{"line":41,"column":54}},"11":{"start":{"line":43,"column":8},"end":{"line":43,"column":57}},"12":{"start":{"line":45,"column":8},"end":{"line":51,"column":9}},"13":{"start":{"line":46,"column":12},"end":{"line":46,"column":63}},"14":{"start":{"line":48,"column":12},"end":{"line":48,"column":35}},"15":{"start":{"line":49,"column":12},"end":{"line":49,"column":49}},"16":{"start":{"line":50,"column":12},"end":{"line":50,"column":43}}},"branchMap":{"1":{"line":25,"type":"binary-expr","locations":[{"start":{"line":25,"column":23},"end":{"line":25,"column":62}},{"start":{"line":26,"column":20},"end":{"line":26,"column":70}},{"start":{"line":27,"column":20},"end":{"line":27,"column":71}},{"start":{"line":28,"column":20},"end":{"line":28,"column":29}}]},"2":{"line":30,"type":"binary-expr","locations":[{"start":{"line":30,"column":23},"end":{"line":30,"column":37}},{"start":{"line":31,"column":20},"end":{"line":31,"column":61}},{"start":{"line":32,"column":20},"end":{"line":32,"column":70}},{"start":{"line":33,"column":20},"end":{"line":33,"column":26}}]},"3":{"line":37,"type":"cond-expr","locations":[{"start":{"line":38,"column":14},"end":{"line":38,"column":20}},{"start":{"line":39,"column":14},"end":{"line":39,"column":20}}]},"4":{"line":41,"type":"binary-expr","locations":[{"start":{"line":41,"column":16},"end":{"line":41,"column":44}},{"start":{"line":41,"column":48},"end":{"line":41,"column":53}}]},"5":{"line":45,"type":"if","locations":[{"start":{"line":45,"column":8},"end":{"line":45,"column":8}},{"start":{"line":45,"column":8},"end":{"line":45,"column":8}}]}},"code":["/* istanbul instrument in package npmtest_object_merge */","/*jslint","    bitwise: true,","    browser: true,","    maxerr: 8,","    maxlen: 96,","    node: true,","    nomen: true,","    regexp: true,","    stupid: true","*/","(function () {","    'use strict';","    var local;","","","","    // run shared js-env code - pre-init","    (function () {","        // init local","        local = {};","        // init modeJs","        local.modeJs = (function () {","            try {","                return typeof navigator.userAgent === 'string' &&","                    typeof document.querySelector('body') === 'object' &&","                    typeof XMLHttpRequest.prototype.open === 'function' &&","                    'browser';","            } catch (errorCaughtBrowser) {","                return module.exports &&","                    typeof process.versions.node === 'string' &&","                    typeof require('http').createServer === 'function' &&","                    'node';","            }","        }());","        // init global","        local.global = local.modeJs === 'browser'","            ? window","            : global;","        // init utility2_rollup","        local = local.global.utility2_rollup || local;","        // init lib","        local.local = local.npmtest_object_merge = local;","        // init exports","        if (local.modeJs === 'browser') {","            local.global.utility2_npmtest_object_merge = local;","        } else {","            module.exports = local;","            module.exports.__dirname = __dirname;","            module.exports.module = module;","        }","    }());","}());",""],"l":{"12":2,"14":2,"19":2,"21":2,"23":2,"24":2,"25":2,"30":1,"37":2,"41":2,"43":2,"45":2,"46":1,"48":1,"49":1,"50":1}},"/home/travis/build/npmtest/node-npmtest-object-merge/example.js":{"path":"/home/travis/build/npmtest/node-npmtest-object-merge/example.js","s":{"1":2,"2":2,"3":2,"4":2,"5":2,"6":2,"7":2,"8":1,"9":2,"10":2,"11":2,"12":2,"13":1,"14":2,"15":2,"16":2,"17":2,"18":2,"19":0,"20":2,"21":1,"22":1,"23":1,"24":1,"25":1,"26":0,"27":0,"28":1,"29":1,"30":2,"31":0,"32":0,"33":0,"34":1,"35":2,"36":2,"37":3,"38":3,"39":3,"40":3,"41":0,"42":3,"43":3,"44":3,"45":1,"46":3,"47":1,"48":1,"49":1,"50":1,"51":1,"52":1,"53":1,"54":1,"55":1,"56":1,"57":0,"58":1,"59":6,"60":6,"61":1,"62":2,"63":0,"64":2,"65":1,"66":1,"67":0,"68":0,"69":0,"70":0,"71":0,"72":0,"73":0,"74":0,"75":0,"76":0,"77":0,"78":0,"79":0,"80":0,"81":0,"82":0,"83":0},"b":{"1":[2,1,1,1],"2":[1,1,1,1],"3":[1,1],"4":[2,2],"5":[1,1],"6":[1,1],"7":[2,0],"8":[2,1,1,1,1,1],"9":[0,2,0],"10":[1,1],"11":[2,1,1],"12":[1,0],"13":[0,2],"14":[2,0,0,0,0,0,0],"15":[0,3],"16":[3,0],"17":[1,1],"18":[0,1],"19":[1,2,0,2],"20":[1,0],"21":[1,1],"22":[0,0],"23":[0,0],"24":[0,0],"25":[0,0],"26":[0,0],"27":[0,0],"28":[0,0]},"f":{"1":2,"2":2,"3":2,"4":2,"5":2,"6":2,"7":3,"8":3,"9":3,"10":1,"11":6,"12":0},"fnMap":{"1":{"name":"(anonymous_1)","line":26,"loc":{"start":{"line":26,"column":1},"end":{"line":26,"column":13}}},"2":{"name":"(anonymous_2)","line":33,"loc":{"start":{"line":33,"column":5},"end":{"line":33,"column":17}}},"3":{"name":"(anonymous_3)","line":37,"loc":{"start":{"line":37,"column":24},"end":{"line":37,"column":36}}},"4":{"name":"(anonymous_4)","line":69,"loc":{"start":{"line":69,"column":31},"end":{"line":69,"column":48}},"skip":true},"5":{"name":"(anonymous_5)","line":78,"loc":{"start":{"line":78,"column":26},"end":{"line":78,"column":45}},"skip":true},"6":{"name":"(anonymous_6)","line":123,"loc":{"start":{"line":123,"column":33},"end":{"line":123,"column":48}},"skip":true},"7":{"name":"(anonymous_7)","line":125,"loc":{"start":{"line":125,"column":27},"end":{"line":125,"column":39}},"skip":true},"8":{"name":"(anonymous_8)","line":133,"loc":{"start":{"line":133,"column":59},"end":{"line":133,"column":74}},"skip":true},"9":{"name":"(anonymous_9)","line":143,"loc":{"start":{"line":143,"column":45},"end":{"line":143,"column":62}},"skip":true},"10":{"name":"(anonymous_10)","line":144,"loc":{"start":{"line":144,"column":73},"end":{"line":144,"column":92}},"skip":true},"11":{"name":"(anonymous_11)","line":272,"loc":{"start":{"line":272,"column":51},"end":{"line":272,"column":77}},"skip":true},"12":{"name":"(anonymous_12)","line":315,"loc":{"start":{"line":315,"column":32},"end":{"line":315,"column":61}},"skip":true}},"statementMap":{"1":{"start":{"line":26,"column":0},"end":{"line":326,"column":5}},"2":{"start":{"line":28,"column":4},"end":{"line":28,"column":14}},"3":{"start":{"line":33,"column":4},"end":{"line":60,"column":9}},"4":{"start":{"line":35,"column":8},"end":{"line":35,"column":19}},"5":{"start":{"line":37,"column":8},"end":{"line":49,"column":13}},"6":{"start":{"line":38,"column":12},"end":{"line":48,"column":13}},"7":{"start":{"line":39,"column":16},"end":{"line":42,"column":30}},"8":{"start":{"line":44,"column":16},"end":{"line":47,"column":27}},"9":{"start":{"line":51,"column":8},"end":{"line":53,"column":21}},"10":{"start":{"line":55,"column":8},"end":{"line":57,"column":45}},"11":{"start":{"line":59,"column":8},"end":{"line":59,"column":35}},"12":{"start":{"line":61,"column":4},"end":{"line":325,"column":5}},"13":{"start":{"line":69,"column":8},"end":{"line":121,"column":10},"skip":true},"14":{"start":{"line":70,"column":12},"end":{"line":88,"column":13},"skip":true},"15":{"start":{"line":76,"column":16},"end":{"line":87,"column":19},"skip":true},"16":{"start":{"line":79,"column":20},"end":{"line":86,"column":21},"skip":true},"17":{"start":{"line":82,"column":24},"end":{"line":82,"column":43},"skip":true},"18":{"start":{"line":83,"column":24},"end":{"line":83,"column":30},"skip":true},"19":{"start":{"line":85,"column":24},"end":{"line":85,"column":49},"skip":true},"20":{"start":{"line":89,"column":12},"end":{"line":107,"column":13},"skip":true},"21":{"start":{"line":92,"column":16},"end":{"line":102,"column":17},"skip":true},"22":{"start":{"line":93,"column":20},"end":{"line":93,"column":86},"skip":true},"23":{"start":{"line":94,"column":20},"end":{"line":95,"column":45},"skip":true},"24":{"start":{"line":96,"column":20},"end":{"line":96,"column":42},"skip":true},"25":{"start":{"line":97,"column":20},"end":{"line":97,"column":48},"skip":true},"26":{"start":{"line":100,"column":20},"end":{"line":100,"column":85},"skip":true},"27":{"start":{"line":101,"column":20},"end":{"line":101,"column":96},"skip":true},"28":{"start":{"line":103,"column":16},"end":{"line":103,"column":22},"skip":true},"29":{"start":{"line":106,"column":16},"end":{"line":106,"column":22},"skip":true},"30":{"start":{"line":108,"column":12},"end":{"line":120,"column":13},"skip":true},"31":{"start":{"line":114,"column":16},"end":{"line":119,"column":17},"skip":true},"32":{"start":{"line":116,"column":20},"end":{"line":116,"column":78},"skip":true},"33":{"start":{"line":118,"column":20},"end":{"line":118,"column":47},"skip":true},"34":{"start":{"line":123,"column":8},"end":{"line":141,"column":11},"skip":true},"35":{"start":{"line":124,"column":12},"end":{"line":124,"column":54},"skip":true},"36":{"start":{"line":125,"column":12},"end":{"line":140,"column":14},"skip":true},"37":{"start":{"line":126,"column":16},"end":{"line":126,"column":28},"skip":true},"38":{"start":{"line":127,"column":16},"end":{"line":127,"column":69},"skip":true},"39":{"start":{"line":128,"column":16},"end":{"line":128,"column":75},"skip":true},"40":{"start":{"line":129,"column":16},"end":{"line":131,"column":17},"skip":true},"41":{"start":{"line":130,"column":20},"end":{"line":130,"column":27},"skip":true},"42":{"start":{"line":133,"column":16},"end":{"line":137,"column":36},"skip":true},"43":{"start":{"line":134,"column":20},"end":{"line":136,"column":55},"skip":true},"44":{"start":{"line":139,"column":16},"end":{"line":139,"column":57},"skip":true},"45":{"start":{"line":143,"column":8},"end":{"line":147,"column":11},"skip":true},"46":{"start":{"line":144,"column":12},"end":{"line":146,"column":15},"skip":true},"47":{"start":{"line":145,"column":16},"end":{"line":145,"column":70},"skip":true},"48":{"start":{"line":149,"column":8},"end":{"line":149,"column":31},"skip":true},"49":{"start":{"line":150,"column":8},"end":{"line":150,"column":14},"skip":true},"50":{"start":{"line":158,"column":8},"end":{"line":158,"column":31},"skip":true},"51":{"start":{"line":160,"column":8},"end":{"line":160,"column":33},"skip":true},"52":{"start":{"line":161,"column":8},"end":{"line":161,"column":37},"skip":true},"53":{"start":{"line":162,"column":8},"end":{"line":162,"column":35},"skip":true},"54":{"start":{"line":164,"column":8},"end":{"line":164,"column":50},"skip":true},"55":{"start":{"line":166,"column":8},"end":{"line":256,"column":2},"skip":true},"56":{"start":{"line":258,"column":8},"end":{"line":286,"column":9},"skip":true},"57":{"start":{"line":259,"column":12},"end":{"line":269,"column":14},"skip":true},"58":{"start":{"line":271,"column":12},"end":{"line":285,"column":19},"skip":true},"59":{"start":{"line":274,"column":20},"end":{"line":274,"column":35},"skip":true},"60":{"start":{"line":275,"column":20},"end":{"line":284,"column":21},"skip":true},"61":{"start":{"line":277,"column":24},"end":{"line":277,"column":64},"skip":true},"62":{"start":{"line":279,"column":24},"end":{"line":279,"column":40},"skip":true},"63":{"start":{"line":281,"column":24},"end":{"line":281,"column":40},"skip":true},"64":{"start":{"line":283,"column":24},"end":{"line":283,"column":39},"skip":true},"65":{"start":{"line":288,"column":8},"end":{"line":290,"column":9},"skip":true},"66":{"start":{"line":289,"column":12},"end":{"line":289,"column":18},"skip":true},"67":{"start":{"line":291,"column":8},"end":{"line":293,"column":54},"skip":true},"68":{"start":{"line":296,"column":8},"end":{"line":301,"column":37},"skip":true},"69":{"start":{"line":303,"column":8},"end":{"line":303,"column":82},"skip":true},"70":{"start":{"line":306,"column":8},"end":{"line":308,"column":9},"skip":true},"71":{"start":{"line":307,"column":12},"end":{"line":307,"column":82},"skip":true},"72":{"start":{"line":310,"column":8},"end":{"line":312,"column":9},"skip":true},"73":{"start":{"line":311,"column":12},"end":{"line":311,"column":18},"skip":true},"74":{"start":{"line":313,"column":8},"end":{"line":313,"column":54},"skip":true},"75":{"start":{"line":314,"column":8},"end":{"line":314,"column":69},"skip":true},"76":{"start":{"line":315,"column":8},"end":{"line":323,"column":36},"skip":true},"77":{"start":{"line":316,"column":12},"end":{"line":316,"column":61},"skip":true},"78":{"start":{"line":317,"column":12},"end":{"line":320,"column":13},"skip":true},"79":{"start":{"line":318,"column":16},"end":{"line":318,"column":75},"skip":true},"80":{"start":{"line":319,"column":16},"end":{"line":319,"column":23},"skip":true},"81":{"start":{"line":321,"column":12},"end":{"line":321,"column":38},"skip":true},"82":{"start":{"line":322,"column":12},"end":{"line":322,"column":27},"skip":true},"83":{"start":{"line":324,"column":8},"end":{"line":324,"column":14},"skip":true}},"branchMap":{"1":{"line":39,"type":"binary-expr","locations":[{"start":{"line":39,"column":23},"end":{"line":39,"column":62}},{"start":{"line":40,"column":20},"end":{"line":40,"column":70}},{"start":{"line":41,"column":20},"end":{"line":41,"column":71}},{"start":{"line":42,"column":20},"end":{"line":42,"column":29}}]},"2":{"line":44,"type":"binary-expr","locations":[{"start":{"line":44,"column":23},"end":{"line":44,"column":37}},{"start":{"line":45,"column":20},"end":{"line":45,"column":61}},{"start":{"line":46,"column":20},"end":{"line":46,"column":70}},{"start":{"line":47,"column":20},"end":{"line":47,"column":26}}]},"3":{"line":51,"type":"cond-expr","locations":[{"start":{"line":52,"column":14},"end":{"line":52,"column":20}},{"start":{"line":53,"column":14},"end":{"line":53,"column":20}}]},"4":{"line":55,"type":"binary-expr","locations":[{"start":{"line":55,"column":16},"end":{"line":55,"column":44}},{"start":{"line":55,"column":49},"end":{"line":57,"column":43}}]},"5":{"line":55,"type":"cond-expr","locations":[{"start":{"line":56,"column":14},"end":{"line":56,"column":56}},{"start":{"line":57,"column":14},"end":{"line":57,"column":43}}]},"6":{"line":61,"type":"switch","locations":[{"start":{"line":68,"column":4},"end":{"line":150,"column":14},"skip":true},{"start":{"line":156,"column":4},"end":{"line":324,"column":14},"skip":true}]},"7":{"line":70,"type":"if","locations":[{"start":{"line":70,"column":12},"end":{"line":70,"column":12},"skip":true},{"start":{"line":70,"column":12},"end":{"line":70,"column":12},"skip":true}]},"8":{"line":70,"type":"binary-expr","locations":[{"start":{"line":70,"column":16},"end":{"line":70,"column":22},"skip":true},{"start":{"line":70,"column":27},"end":{"line":70,"column":32},"skip":true},{"start":{"line":71,"column":20},"end":{"line":71,"column":39},"skip":true},{"start":{"line":72,"column":20},"end":{"line":72,"column":49},"skip":true},{"start":{"line":73,"column":20},"end":{"line":73,"column":58},"skip":true},{"start":{"line":74,"column":20},"end":{"line":74,"column":69},"skip":true}]},"9":{"line":79,"type":"switch","locations":[{"start":{"line":80,"column":20},"end":{"line":80,"column":33},"skip":true},{"start":{"line":81,"column":20},"end":{"line":83,"column":30},"skip":true},{"start":{"line":84,"column":20},"end":{"line":85,"column":49},"skip":true}]},"10":{"line":89,"type":"switch","locations":[{"start":{"line":90,"column":12},"end":{"line":103,"column":22},"skip":true},{"start":{"line":105,"column":12},"end":{"line":106,"column":22},"skip":true}]},"11":{"line":89,"type":"binary-expr","locations":[{"start":{"line":89,"column":20},"end":{"line":89,"column":25},"skip":true},{"start":{"line":89,"column":29},"end":{"line":89,"column":48},"skip":true},{"start":{"line":89,"column":52},"end":{"line":89,"column":74},"skip":true}]},"12":{"line":92,"type":"if","locations":[{"start":{"line":92,"column":16},"end":{"line":92,"column":16},"skip":true},{"start":{"line":92,"column":16},"end":{"line":92,"column":16},"skip":true}]},"13":{"line":108,"type":"if","locations":[{"start":{"line":108,"column":12},"end":{"line":108,"column":12},"skip":true},{"start":{"line":108,"column":12},"end":{"line":108,"column":12},"skip":true}]},"14":{"line":108,"type":"binary-expr","locations":[{"start":{"line":108,"column":16},"end":{"line":108,"column":61},"skip":true},{"start":{"line":108,"column":66},"end":{"line":108,"column":72},"skip":true},{"start":{"line":108,"column":77},"end":{"line":108,"column":82},"skip":true},{"start":{"line":109,"column":20},"end":{"line":109,"column":39},"skip":true},{"start":{"line":110,"column":20},"end":{"line":110,"column":49},"skip":true},{"start":{"line":111,"column":20},"end":{"line":111,"column":58},"skip":true},{"start":{"line":112,"column":20},"end":{"line":112,"column":68},"skip":true}]},"15":{"line":129,"type":"if","locations":[{"start":{"line":129,"column":16},"end":{"line":129,"column":16},"skip":true},{"start":{"line":129,"column":16},"end":{"line":129,"column":16},"skip":true}]},"16":{"line":134,"type":"cond-expr","locations":[{"start":{"line":135,"column":26},"end":{"line":135,"column":29},"skip":true},{"start":{"line":136,"column":26},"end":{"line":136,"column":54},"skip":true}]},"17":{"line":164,"type":"binary-expr","locations":[{"start":{"line":164,"column":27},"end":{"line":164,"column":43},"skip":true},{"start":{"line":164,"column":47},"end":{"line":164,"column":49},"skip":true}]},"18":{"line":258,"type":"if","locations":[{"start":{"line":258,"column":8},"end":{"line":258,"column":8},"skip":true},{"start":{"line":258,"column":8},"end":{"line":258,"column":8},"skip":true}]},"19":{"line":275,"type":"switch","locations":[{"start":{"line":276,"column":20},"end":{"line":277,"column":64},"skip":true},{"start":{"line":278,"column":20},"end":{"line":279,"column":40},"skip":true},{"start":{"line":280,"column":20},"end":{"line":281,"column":40},"skip":true},{"start":{"line":282,"column":20},"end":{"line":283,"column":39},"skip":true}]},"20":{"line":288,"type":"if","locations":[{"start":{"line":288,"column":8},"end":{"line":288,"column":8},"skip":true},{"start":{"line":288,"column":8},"end":{"line":288,"column":8},"skip":true}]},"21":{"line":288,"type":"binary-expr","locations":[{"start":{"line":288,"column":12},"end":{"line":288,"column":40},"skip":true},{"start":{"line":288,"column":44},"end":{"line":288,"column":67},"skip":true}]},"22":{"line":292,"type":"binary-expr","locations":[{"start":{"line":292,"column":12},"end":{"line":292,"column":50},"skip":true},{"start":{"line":293,"column":12},"end":{"line":293,"column":53},"skip":true}]},"23":{"line":297,"type":"binary-expr","locations":[{"start":{"line":297,"column":12},"end":{"line":297,"column":70},"skip":true},{"start":{"line":298,"column":12},"end":{"line":301,"column":36},"skip":true}]},"24":{"line":303,"type":"binary-expr","locations":[{"start":{"line":303,"column":43},"end":{"line":303,"column":75},"skip":true},{"start":{"line":303,"column":79},"end":{"line":303,"column":81},"skip":true}]},"25":{"line":306,"type":"if","locations":[{"start":{"line":306,"column":8},"end":{"line":306,"column":8},"skip":true},{"start":{"line":306,"column":8},"end":{"line":306,"column":8},"skip":true}]},"26":{"line":310,"type":"if","locations":[{"start":{"line":310,"column":8},"end":{"line":310,"column":8},"skip":true},{"start":{"line":310,"column":8},"end":{"line":310,"column":8},"skip":true}]},"27":{"line":313,"type":"binary-expr","locations":[{"start":{"line":313,"column":27},"end":{"line":313,"column":43},"skip":true},{"start":{"line":313,"column":47},"end":{"line":313,"column":53},"skip":true}]},"28":{"line":317,"type":"if","locations":[{"start":{"line":317,"column":12},"end":{"line":317,"column":12},"skip":true},{"start":{"line":317,"column":12},"end":{"line":317,"column":12},"skip":true}]}},"code":["/*","example.js","","quickstart example","","instruction","    1. save this script as example.js","    2. run the shell command:","        $ npm install npmtest-object-merge && PORT=8081 node example.js","    3. play with the browser-demo on http://127.0.0.1:8081","*/","","","","/* istanbul instrument in package npmtest_object_merge */","/*jslint","    bitwise: true,","    browser: true,","    maxerr: 8,","    maxlen: 96,","    node: true,","    nomen: true,","    regexp: true,","    stupid: true","*/","(function () {","    'use strict';","    var local;","","","","    // run shared js-env code - pre-init","    (function () {","        // init local","        local = {};","        // init modeJs","        local.modeJs = (function () {","            try {","                return typeof navigator.userAgent === 'string' &&","                    typeof document.querySelector('body') === 'object' &&","                    typeof XMLHttpRequest.prototype.open === 'function' &&","                    'browser';","            } catch (errorCaughtBrowser) {","                return module.exports &&","                    typeof process.versions.node === 'string' &&","                    typeof require('http').createServer === 'function' &&","                    'node';","            }","        }());","        // init global","        local.global = local.modeJs === 'browser'","            ? window","            : global;","        // init utility2_rollup","        local = local.global.utility2_rollup || (local.modeJs === 'browser'","            ? local.global.utility2_npmtest_object_merge","            : global.utility2_moduleExports);","        // export local","        local.global.local = local;","    }());","    switch (local.modeJs) {","","","","    // post-init","    // run browser js-env code - post-init","    /* istanbul ignore next */","    case 'browser':","        local.testRunBrowser = function (event) {","            if (!event || (event &&","                    event.currentTarget &&","                    event.currentTarget.className &&","                    event.currentTarget.className.includes &&","                    event.currentTarget.className.includes('onreset'))) {","                // reset output","                Array.from(","                    document.querySelectorAll('body > .resettable')","                ).forEach(function (element) {","                    switch (element.tagName) {","                    case 'INPUT':","                    case 'TEXTAREA':","                        element.value = '';","                        break;","                    default:","                        element.textContent = '';","                    }","                });","            }","            switch (event && event.currentTarget && event.currentTarget.id) {","            case 'testRunButton1':","                // show tests","                if (document.querySelector('#testReportDiv1').style.display === 'none') {","                    document.querySelector('#testReportDiv1').style.display = 'block';","                    document.querySelector('#testRunButton1').textContent =","                        'hide internal test';","                    local.modeTest = true;","                    local.testRunDefault(local);","                // hide tests","                } else {","                    document.querySelector('#testReportDiv1').style.display = 'none';","                    document.querySelector('#testRunButton1').textContent = 'run internal test';","                }","                break;","            // custom-case","            default:","                break;","            }","            if (document.querySelector('#inputTextareaEval1') && (!event || (event &&","                    event.currentTarget &&","                    event.currentTarget.className &&","                    event.currentTarget.className.includes &&","                    event.currentTarget.className.includes('oneval')))) {","                // try to eval input-code","                try {","                    /*jslint evil: true*/","                    eval(document.querySelector('#inputTextareaEval1').value);","                } catch (errorCaught) {","                    console.error(errorCaught);","                }","            }","        };","        // log stderr and stdout to #outputTextareaStdout1","        ['error', 'log'].forEach(function (key) {","            console[key + '_original'] = console[key];","            console[key] = function () {","                var element;","                console[key + '_original'].apply(console, arguments);","                element = document.querySelector('#outputTextareaStdout1');","                if (!element) {","                    return;","                }","                // append text to #outputTextareaStdout1","                element.value += Array.from(arguments).map(function (arg) {","                    return typeof arg === 'string'","                        ? arg","                        : JSON.stringify(arg, null, 4);","                }).join(' ') + '\\n';","                // scroll textarea to bottom","                element.scrollTop = element.scrollHeight;","            };","        });","        // init event-handling","        ['change', 'click', 'keyup'].forEach(function (event) {","            Array.from(document.querySelectorAll('.on' + event)).forEach(function (element) {","                element.addEventListener(event, local.testRunBrowser);","            });","        });","        // run tests","        local.testRunBrowser();","        break;","","","","    // run node js-env code - post-init","    /* istanbul ignore next */","    case 'node':","        // export local","        module.exports = local;","        // require modules","        local.fs = require('fs');","        local.http = require('http');","        local.url = require('url');","        // init assets","        local.assetsDict = local.assetsDict || {};","        /* jslint-ignore-begin */","        local.assetsDict['/assets.index.template.html'] = '\\","<!doctype html>\\n\\","<html lang=\"en\">\\n\\","<head>\\n\\","<meta charset=\"UTF-8\">\\n\\","<meta name=\"viewport\" content=\"width=device-width, initial-scale=1\">\\n\\","<title>{{env.npm_package_name}} (v{{env.npm_package_version}})</title>\\n\\","<style>\\n\\","/*csslint\\n\\","    box-sizing: false,\\n\\","    universal-selector: false\\n\\","*/\\n\\","* {\\n\\","    box-sizing: border-box;\\n\\","}\\n\\","body {\\n\\","    background: #dde;\\n\\","    font-family: Arial, Helvetica, sans-serif;\\n\\","    margin: 2rem;\\n\\","}\\n\\","body > * {\\n\\","    margin-bottom: 1rem;\\n\\","}\\n\\",".utility2FooterDiv {\\n\\","    margin-top: 20px;\\n\\","    text-align: center;\\n\\","}\\n\\","</style>\\n\\","<style>\\n\\","/*csslint\\n\\","*/\\n\\","textarea {\\n\\","    font-family: monospace;\\n\\","    height: 10rem;\\n\\","    width: 100%;\\n\\","}\\n\\","textarea[readonly] {\\n\\","    background: #ddd;\\n\\","}\\n\\","</style>\\n\\","</head>\\n\\","<body>\\n\\","<!-- utility2-comment\\n\\","<div id=\"ajaxProgressDiv1\" style=\"background: #d00; height: 2px; left: 0; margin: 0; padding: 0; position: fixed; top: 0; transition: background 0.5s, width 1.5s; width: 25%;\"></div>\\n\\","utility2-comment -->\\n\\","<h1>\\n\\","<!-- utility2-comment\\n\\","    <a\\n\\","        {{#if env.npm_package_homepage}}\\n\\","        href=\"{{env.npm_package_homepage}}\"\\n\\","        {{/if env.npm_package_homepage}}\\n\\","        target=\"_blank\"\\n\\","    >\\n\\","utility2-comment -->\\n\\","        {{env.npm_package_name}} (v{{env.npm_package_version}})\\n\\","<!-- utility2-comment\\n\\","    </a>\\n\\","utility2-comment -->\\n\\","</h1>\\n\\","<h3>{{env.npm_package_description}}</h3>\\n\\","<!-- utility2-comment\\n\\","<h4><a download href=\"assets.app.js\">download standalone app</a></h4>\\n\\","<button class=\"onclick onreset\" id=\"testRunButton1\">run internal test</button><br>\\n\\","<div id=\"testReportDiv1\" style=\"display: none;\"></div>\\n\\","utility2-comment -->\\n\\","\\n\\","\\n\\","\\n\\","<label>stderr and stdout</label>\\n\\","<textarea class=\"resettable\" id=\"outputTextareaStdout1\" readonly></textarea>\\n\\","<!-- utility2-comment\\n\\","{{#if isRollup}}\\n\\","<script src=\"assets.app.js\"></script>\\n\\","{{#unless isRollup}}\\n\\","utility2-comment -->\\n\\","<script src=\"assets.utility2.rollup.js\"></script>\\n\\","<script src=\"jsonp.utility2._stateInit?callback=window.utility2._stateInit\"></script>\\n\\","<script src=\"assets.npmtest_object_merge.rollup.js\"></script>\\n\\","<script src=\"assets.example.js\"></script>\\n\\","<script src=\"assets.test.js\"></script>\\n\\","<!-- utility2-comment\\n\\","{{/if isRollup}}\\n\\","utility2-comment -->\\n\\","<div class=\"utility2FooterDiv\">\\n\\","    [ this app was created with\\n\\","    <a href=\"https://github.com/kaizhu256/node-utility2\" target=\"_blank\">utility2</a>\\n\\","    ]\\n\\","</div>\\n\\","</body>\\n\\","</html>\\n\\","';","        /* jslint-ignore-end */","        if (local.templateRender) {","            local.assetsDict['/'] = local.templateRender(","                local.assetsDict['/assets.index.template.html'],","                {","                    env: local.objectSetDefault(local.env, {","                        npm_package_description: 'the greatest app in the world!',","                        npm_package_name: 'my-app',","                        npm_package_nameAlias: 'my_app',","                        npm_package_version: '0.0.1'","                    })","                }","            );","        } else {","            local.assetsDict['/'] = local.assetsDict['/assets.index.template.html']","                .replace((/\\{\\{env\\.(\\w+?)\\}\\}/g), function (match0, match1) {","                    // jslint-hack","                    String(match0);","                    switch (match1) {","                    case 'npm_package_description':","                        return 'the greatest app in the world!';","                    case 'npm_package_name':","                        return 'my-app';","                    case 'npm_package_nameAlias':","                        return 'my_app';","                    case 'npm_package_version':","                        return '0.0.1';","                    }","                });","        }","        // run the cli","        if (local.global.utility2_rollup || module !== require.main) {","            break;","        }","        local.assetsDict['/assets.example.js'] =","            local.assetsDict['/assets.example.js'] ||","            local.fs.readFileSync(__filename, 'utf8');","        // bug-workaround - long $npm_package_buildCustomOrg","        /* jslint-ignore-begin */","        local.assetsDict['/assets.npmtest_object_merge.rollup.js'] =","            local.assetsDict['/assets.npmtest_object_merge.rollup.js'] ||","            local.fs.readFileSync(","                local.npmtest_object_merge.__dirname + '/lib.npmtest_object_merge.js',","                'utf8'","            ).replace((/^#!/), '//');","        /* jslint-ignore-end */","        local.assetsDict['/favicon.ico'] = local.assetsDict['/favicon.ico'] || '';","        // if $npm_config_timeout_exit exists,","        // then exit this process after $npm_config_timeout_exit ms","        if (Number(process.env.npm_config_timeout_exit)) {","            setTimeout(process.exit, Number(process.env.npm_config_timeout_exit));","        }","        // start server","        if (local.global.utility2_serverHttp1) {","            break;","        }","        process.env.PORT = process.env.PORT || '8081';","        console.error('server starting on port ' + process.env.PORT);","        local.http.createServer(function (request, response) {","            request.urlParsed = local.url.parse(request.url);","            if (local.assetsDict[request.urlParsed.pathname] !== undefined) {","                response.end(local.assetsDict[request.urlParsed.pathname]);","                return;","            }","            response.statusCode = 404;","            response.end();","        }).listen(process.env.PORT);","        break;","    }","}());",""],"l":{"26":2,"28":2,"33":2,"35":2,"37":2,"38":2,"39":2,"44":1,"51":2,"55":2,"59":2,"61":2,"69":1,"70":2,"76":2,"79":2,"82":2,"83":2,"85":1,"89":2,"92":1,"93":1,"94":1,"96":1,"97":1,"100":1,"101":1,"103":1,"106":1,"108":2,"114":1,"116":1,"118":1,"123":1,"124":2,"125":2,"126":3,"127":3,"128":3,"129":3,"130":1,"133":3,"134":3,"139":3,"143":1,"144":3,"145":1,"149":1,"150":1,"158":1,"160":1,"161":1,"162":1,"164":1,"166":1,"258":1,"259":1,"271":1,"274":6,"275":6,"277":1,"279":2,"281":1,"283":2,"288":1,"289":1,"291":1,"296":1,"303":1,"306":1,"307":1,"310":1,"311":1,"313":1,"314":1,"315":1,"316":1,"317":1,"318":1,"319":1,"321":1,"322":1,"324":1}},"/home/travis/build/npmtest/node-npmtest-object-merge/node_modules/object-merge/src/object-merge.js":{"path":"/home/travis/build/npmtest/node-npmtest-object-merge/node_modules/object-merge/src/object-merge.js","s":{"1":1,"2":0,"3":0,"4":0,"5":1,"6":0,"7":0,"8":0,"9":0,"10":1,"11":0,"12":0,"13":0,"14":0,"15":1,"16":0,"17":0,"18":0,"19":0,"20":0,"21":0,"22":1,"23":0,"24":0,"25":0,"26":0,"27":0,"28":0,"29":0,"30":0,"31":0,"32":0,"33":0,"34":0,"35":1,"36":0,"37":0,"38":0,"39":0,"40":1,"41":0,"42":0,"43":0,"44":0,"45":0,"46":0,"47":1,"48":0,"49":0,"50":0,"51":1,"52":0,"53":0,"54":0,"55":0,"56":0,"57":0,"58":0,"59":0,"60":0,"61":0,"62":0,"63":1,"64":1},"b":{"1":[0,0],"2":[0,0],"3":[0,0],"4":[0,0],"5":[0,0],"6":[0,0],"7":[0,0],"8":[0,0],"9":[0,0],"10":[0,0],"11":[0,0],"12":[0,0],"13":[0,0],"14":[0,0],"15":[0,0],"16":[0,0],"17":[0,0]},"f":{"1":0,"2":0,"3":0,"4":0,"5":0,"6":0,"7":0,"8":0,"9":0,"10":0,"11":0},"fnMap":{"1":{"name":"ObjectMergeOptions","line":9,"loc":{"start":{"line":9,"column":0},"end":{"line":9,"column":34}}},"2":{"name":"createOptions","line":50,"loc":{"start":{"line":50,"column":0},"end":{"line":50,"column":29}}},"3":{"name":"objectMerge","line":117,"loc":{"start":{"line":117,"column":0},"end":{"line":117,"column":30}}},"4":{"name":"getShadowObjects","line":126,"loc":{"start":{"line":126,"column":4},"end":{"line":126,"column":39}}},"5":{"name":"(anonymous_5)","line":127,"loc":{"start":{"line":127,"column":33},"end":{"line":127,"column":62}}},"6":{"name":"getOutputObject","line":138,"loc":{"start":{"line":138,"column":4},"end":{"line":138,"column":38}}},"7":{"name":"circularReferenceCheck","line":158,"loc":{"start":{"line":158,"column":4},"end":{"line":158,"column":45}}},"8":{"name":"(anonymous_8)","line":161,"loc":{"start":{"line":161,"column":24},"end":{"line":161,"column":40}}},"9":{"name":"objectMergeRecursor","line":170,"loc":{"start":{"line":170,"column":4},"end":{"line":170,"column":56}}},"10":{"name":"shadowHandler","line":181,"loc":{"start":{"line":181,"column":8},"end":{"line":181,"column":50}}},"11":{"name":"shadowMerger","line":192,"loc":{"start":{"line":192,"column":8},"end":{"line":192,"column":38}}}},"statementMap":{"1":{"start":{"line":9,"column":0},"end":{"line":16,"column":1}},"2":{"start":{"line":11,"column":4},"end":{"line":11,"column":22}},"3":{"start":{"line":12,"column":4},"end":{"line":12,"column":37}},"4":{"start":{"line":15,"column":4},"end":{"line":15,"column":111}},"5":{"start":{"line":50,"column":0},"end":{"line":56,"column":1}},"6":{"start":{"line":52,"column":4},"end":{"line":52,"column":56}},"7":{"start":{"line":53,"column":4},"end":{"line":53,"column":23}},"8":{"start":{"line":54,"column":4},"end":{"line":54,"column":68}},"9":{"start":{"line":55,"column":4},"end":{"line":55,"column":19}},"10":{"start":{"line":117,"column":0},"end":{"line":218,"column":1}},"11":{"start":{"line":119,"column":4},"end":{"line":119,"column":50}},"12":{"start":{"line":120,"column":4},"end":{"line":120,"column":50}},"13":{"start":{"line":122,"column":4},"end":{"line":122,"column":21}},"14":{"start":{"line":124,"column":4},"end":{"line":124,"column":21}},"15":{"start":{"line":126,"column":4},"end":{"line":136,"column":5}},"16":{"start":{"line":127,"column":8},"end":{"line":134,"column":19}},"17":{"start":{"line":128,"column":16},"end":{"line":132,"column":17}},"18":{"start":{"line":129,"column":20},"end":{"line":129,"column":43}},"19":{"start":{"line":131,"column":20},"end":{"line":131,"column":35}},"20":{"start":{"line":133,"column":16},"end":{"line":133,"column":33}},"21":{"start":{"line":135,"column":8},"end":{"line":135,"column":19}},"22":{"start":{"line":138,"column":4},"end":{"line":156,"column":5}},"23":{"start":{"line":139,"column":8},"end":{"line":139,"column":16}},"24":{"start":{"line":140,"column":8},"end":{"line":140,"column":53}},"25":{"start":{"line":141,"column":8},"end":{"line":154,"column":9}},"26":{"start":{"line":142,"column":12},"end":{"line":142,"column":21}},"27":{"start":{"line":143,"column":15},"end":{"line":154,"column":9}},"28":{"start":{"line":144,"column":12},"end":{"line":148,"column":13}},"29":{"start":{"line":145,"column":16},"end":{"line":145,"column":48}},"30":{"start":{"line":147,"column":16},"end":{"line":147,"column":43}},"31":{"start":{"line":149,"column":15},"end":{"line":154,"column":9}},"32":{"start":{"line":150,"column":12},"end":{"line":150,"column":21}},"33":{"start":{"line":153,"column":12},"end":{"line":153,"column":29}},"34":{"start":{"line":155,"column":8},"end":{"line":155,"column":19}},"35":{"start":{"line":158,"column":4},"end":{"line":169,"column":5}},"36":{"start":{"line":161,"column":8},"end":{"line":165,"column":11}},"37":{"start":{"line":162,"column":12},"end":{"line":164,"column":13}},"38":{"start":{"line":163,"column":16},"end":{"line":163,"column":60}},"39":{"start":{"line":168,"column":8},"end":{"line":168,"column":42}},"40":{"start":{"line":170,"column":4},"end":{"line":206,"column":5}},"41":{"start":{"line":171,"column":8},"end":{"line":175,"column":9}},"42":{"start":{"line":172,"column":12},"end":{"line":172,"column":63}},"43":{"start":{"line":174,"column":12},"end":{"line":174,"column":29}},"44":{"start":{"line":176,"column":8},"end":{"line":178,"column":9}},"45":{"start":{"line":177,"column":12},"end":{"line":177,"column":44}},"46":{"start":{"line":179,"column":8},"end":{"line":179,"column":43}},"47":{"start":{"line":181,"column":8},"end":{"line":190,"column":9}},"48":{"start":{"line":182,"column":12},"end":{"line":189,"column":13}},"49":{"start":{"line":183,"column":16},"end":{"line":186,"column":33}},"50":{"start":{"line":188,"column":16},"end":{"line":188,"column":78}},"51":{"start":{"line":192,"column":8},"end":{"line":194,"column":9}},"52":{"start":{"line":193,"column":12},"end":{"line":193,"column":49}},"53":{"start":{"line":197,"column":8},"end":{"line":204,"column":9}},"54":{"start":{"line":202,"column":12},"end":{"line":202,"column":60}},"55":{"start":{"line":203,"column":12},"end":{"line":203,"column":50}},"56":{"start":{"line":205,"column":8},"end":{"line":205,"column":19}},"57":{"start":{"line":210,"column":4},"end":{"line":216,"column":5}},"58":{"start":{"line":211,"column":8},"end":{"line":211,"column":31}},"59":{"start":{"line":212,"column":8},"end":{"line":212,"column":59}},"60":{"start":{"line":214,"column":8},"end":{"line":214,"column":34}},"61":{"start":{"line":215,"column":8},"end":{"line":215,"column":59}},"62":{"start":{"line":217,"column":4},"end":{"line":217,"column":40}},"63":{"start":{"line":219,"column":0},"end":{"line":219,"column":42}},"64":{"start":{"line":220,"column":0},"end":{"line":220,"column":29}}},"branchMap":{"1":{"line":11,"type":"binary-expr","locations":[{"start":{"line":11,"column":11},"end":{"line":11,"column":15}},{"start":{"line":11,"column":19},"end":{"line":11,"column":21}}]},"2":{"line":12,"type":"binary-expr","locations":[{"start":{"line":12,"column":17},"end":{"line":12,"column":27}},{"start":{"line":12,"column":31},"end":{"line":12,"column":36}}]},"3":{"line":15,"type":"cond-expr","locations":[{"start":{"line":15,"column":98},"end":{"line":15,"column":103}},{"start":{"line":15,"column":106},"end":{"line":15,"column":110}}]},"4":{"line":15,"type":"binary-expr","locations":[{"start":{"line":15,"column":30},"end":{"line":15,"column":58}},{"start":{"line":15,"column":62},"end":{"line":15,"column":95}}]},"5":{"line":128,"type":"if","locations":[{"start":{"line":128,"column":16},"end":{"line":128,"column":16}},{"start":{"line":128,"column":16},"end":{"line":128,"column":16}}]},"6":{"line":141,"type":"if","locations":[{"start":{"line":141,"column":8},"end":{"line":141,"column":8}},{"start":{"line":141,"column":8},"end":{"line":141,"column":8}}]},"7":{"line":143,"type":"if","locations":[{"start":{"line":143,"column":15},"end":{"line":143,"column":15}},{"start":{"line":143,"column":15},"end":{"line":143,"column":15}}]},"8":{"line":149,"type":"if","locations":[{"start":{"line":149,"column":15},"end":{"line":149,"column":15}},{"start":{"line":149,"column":15},"end":{"line":149,"column":15}}]},"9":{"line":162,"type":"if","locations":[{"start":{"line":162,"column":12},"end":{"line":162,"column":12}},{"start":{"line":162,"column":12},"end":{"line":162,"column":12}}]},"10":{"line":162,"type":"binary-expr","locations":[{"start":{"line":162,"column":16},"end":{"line":162,"column":38}},{"start":{"line":162,"column":42},"end":{"line":162,"column":68}}]},"11":{"line":171,"type":"if","locations":[{"start":{"line":171,"column":8},"end":{"line":171,"column":8}},{"start":{"line":171,"column":8},"end":{"line":171,"column":8}}]},"12":{"line":172,"type":"cond-expr","locations":[{"start":{"line":172,"column":42},"end":{"line":172,"column":58}},{"start":{"line":172,"column":61},"end":{"line":172,"column":62}}]},"13":{"line":176,"type":"if","locations":[{"start":{"line":176,"column":8},"end":{"line":176,"column":8}},{"start":{"line":176,"column":8},"end":{"line":176,"column":8}}]},"14":{"line":182,"type":"if","locations":[{"start":{"line":182,"column":12},"end":{"line":182,"column":12}},{"start":{"line":182,"column":12},"end":{"line":182,"column":12}}]},"15":{"line":197,"type":"if","locations":[{"start":{"line":197,"column":8},"end":{"line":197,"column":8}},{"start":{"line":197,"column":8},"end":{"line":197,"column":8}}]},"16":{"line":197,"type":"binary-expr","locations":[{"start":{"line":197,"column":12},"end":{"line":197,"column":33}},{"start":{"line":197,"column":37},"end":{"line":197,"column":66}}]},"17":{"line":210,"type":"if","locations":[{"start":{"line":210,"column":4},"end":{"line":210,"column":4}},{"start":{"line":210,"column":4},"end":{"line":210,"column":4}}]}},"code":["/*","License gpl-3.0 http://www.gnu.org/licenses/gpl-3.0-standalone.html","*/","/*jslint","    white: true,","    vars: true,","    node: true","*/","function ObjectMergeOptions(opts) {","    'use strict';","    opts = opts || {};","    this.depth = opts.depth || false;","    // circular ref check is true unless explicitly set to false","    // ignore the jslint warning here, it's pointless.","    this.throwOnCircularRef = 'throwOnCircularRef' in opts && opts.throwOnCircularRef === false ? false : true;","}","/*jslint unparam:true*/","/**"," * Creates a new options object suitable for use with objectMerge."," * @memberOf objectMerge"," * @param {Object} [opts] An object specifying the options."," * @param {Object} [opts.depth = false] Specifies the depth to traverse objects"," *  during merging. If this is set to false then there will be no depth limit."," * @param {Object} [opts.throwOnCircularRef = true] Set to false to suppress"," *  errors on circular references."," * @returns {ObjectMergeOptions} Returns an instance of ObjectMergeOptions"," *  to be used with objectMerge."," * @example"," *  var opts = objectMerge.createOptions({"," *      depth : 2,"," *      throwOnCircularRef : false"," *  });"," *  var obj1 = {"," *      a1 : {"," *          a2 : {"," *              a3 : {}"," *          }"," *      }"," *  };"," *  var obj2 = {"," *      a1 : {"," *          a2 : {"," *              a3 : 'will not be in output'"," *          },"," *          a22 : {}"," *      }"," *  };"," *  objectMerge(opts, obj1, obj2);"," */","function createOptions(opts) {","    'use strict';","    var argz = Array.prototype.slice.call(arguments, 0);","    argz.unshift(null);","    var F = ObjectMergeOptions.bind.apply(ObjectMergeOptions, argz);","    return new F();","}","/*jslint unparam:false*/","/**"," * Merges JavaScript objects recursively without altering the objects merged."," * @namespace Merges JavaScript objects recursively without altering the objects merged."," * @author <a href=\"mailto:matthewkastor@gmail.com\">Matthew Kastor</a>"," * @param {ObjectMergeOptions} [opts] An options object created by "," *  objectMerge.createOptions. Options must be specified as the first argument"," *  and must be an object created with createOptions or else the object will"," *  not be recognized as an options object and will be merged instead."," * @param {Object} shadows [[shadows]...] One or more objects to merge. Each"," *  argument given will be treated as an object to merge. Each object"," *  overwrites the previous objects descendant properties if the property name"," *  matches. If objects properties are objects they will be merged recursively"," *  as well."," * @returns {Object} Returns a single merged object composed from clones of the"," *  input objects."," * @example"," *  var objectMerge = require('object-merge');"," *  var x = {"," *      a : 'a',"," *      b : 'b',"," *      c : {"," *          d : 'd',"," *          e : 'e',"," *          f : {"," *              g : 'g'"," *          }"," *      }"," *  };"," *  var y = {"," *      a : '`a',"," *      b : '`b',"," *      c : {"," *          d : '`d'"," *      }"," *  };"," *  var z = {"," *      a : {"," *          b : '``b'"," *      },"," *      fun : function foo () {"," *          return 'foo';"," *      },"," *      aps : Array.prototype.slice"," *  };"," *  var out = objectMerge(x, y, z);"," *  // out.a will be {"," *  //         b : '``b'"," *  //     }"," *  // out.b will be '`b'"," *  // out.c will be {"," *  //         d : '`d',"," *  //         e : 'e',"," *  //         f : {"," *  //             g : 'g'"," *  //         }"," *  //     }"," *  // out.fun will be a clone of z.fun"," *  // out.aps will be equal to z.aps"," */","function objectMerge(shadows) {","    'use strict';","    var objectForeach = require('object-foreach');","    var cloneFunction = require('clone-function');","    // this is the queue of visited objects / properties.","    var visited = [];","    // various merge options","    var options = {};","    // gets the sequential trailing objects from array.","    function getShadowObjects(shadows) {","        var out = shadows.reduce(function (collector, shadow) {","                if (shadow instanceof Object) {","                    collector.push(shadow);","                } else {","                    collector = [];","                }","                return collector;","            }, []);","        return out;","    }","    // gets either a new object of the proper type or the last primitive value","    function getOutputObject(shadows) {","        var out;","        var lastShadow = shadows[shadows.length - 1];","        if (lastShadow instanceof Array) {","            out = [];","        } else if (lastShadow instanceof Function) {","            try {","                out = cloneFunction(lastShadow);","            } catch (e) {","                throw new Error(e.message);","            }","        } else if (lastShadow instanceof Object) {","            out = {};","        } else {","            // lastShadow is a primitive value;","            out = lastShadow;","        }","        return out;","    }","    // checks for circular references","    function circularReferenceCheck(shadows) {","        // if any of the current objects to process exist in the queue","        // then throw an error.","        shadows.forEach(function (item) {","            if (item instanceof Object && visited.indexOf(item) > -1) {","                throw new Error('Circular reference error');","            }","        });","        // if none of the current objects were in the queue","        // then add references to the queue.","        visited = visited.concat(shadows);","    }","    function objectMergeRecursor(shadows, currentDepth) {","        if (options.depth !== false) {","            currentDepth = currentDepth ? currentDepth + 1 : 1;","        } else {","            currentDepth = 0;","        }","        if (options.throwOnCircularRef === true) {","            circularReferenceCheck(shadows);","        }","        var out = getOutputObject(shadows);","        /*jslint unparam: true */","        function shadowHandler(val, prop, shadow) {","            if (out[prop]) {","                out[prop] = objectMergeRecursor([","                    out[prop],","                    shadow[prop]","                ], currentDepth);","            } else {","                out[prop] = objectMergeRecursor([shadow[prop]], currentDepth);","            }","        }","        /*jslint unparam:false */","        function shadowMerger(shadow) {","            objectForeach(shadow, shadowHandler);","        }","        // short circuits case where output would be a primitive value","        // anyway.","        if (out instanceof Object && currentDepth <= options.depth) {","            // only merges trailing objects since primitives would wipe out","            // previous objects, as in merging {a:'a'}, 'a', and {b:'b'}","            // would result in {b:'b'} so the first two arguments","            // can be ignored completely.","            var relevantShadows = getShadowObjects(shadows);","            relevantShadows.forEach(shadowMerger);","        }","        return out;","    }","    // determines whether an options object was passed in and","    // uses it if present","    // ignore the jslint warning here too.","    if (arguments[0] instanceof ObjectMergeOptions) {","        options = arguments[0];","        shadows = Array.prototype.slice.call(arguments, 1);","    } else {","        options = createOptions();","        shadows = Array.prototype.slice.call(arguments, 0);","    }","    return objectMergeRecursor(shadows);","}","objectMerge.createOptions = createOptions;","module.exports = objectMerge;"],"l":{"9":1,"11":0,"12":0,"15":0,"50":1,"52":0,"53":0,"54":0,"55":0,"117":1,"119":0,"120":0,"122":0,"124":0,"126":1,"127":0,"128":0,"129":0,"131":0,"133":0,"135":0,"138":1,"139":0,"140":0,"141":0,"142":0,"143":0,"144":0,"145":0,"147":0,"149":0,"150":0,"153":0,"155":0,"158":1,"161":0,"162":0,"163":0,"168":0,"170":1,"171":0,"172":0,"174":0,"176":0,"177":0,"179":0,"181":1,"182":0,"183":0,"188":0,"192":1,"193":0,"197":0,"202":0,"203":0,"205":0,"210":0,"211":0,"212":0,"214":0,"215":0,"217":0,"219":1,"220":1}},"/home/travis/build/npmtest/node-npmtest-object-merge/node_modules/object-merge/browser/object-merge_web.js":{"path":"/home/travis/build/npmtest/node-npmtest-object-merge/node_modules/object-merge/browser/object-merge_web.js","s":{"1":1,"2":1,"3":2,"4":2,"5":0,"6":0,"7":0,"8":0,"9":0,"10":0,"11":2,"12":2,"13":1,"14":1,"15":2,"16":1,"17":1,"18":1,"19":1,"20":1,"21":1,"22":0,"23":0,"24":0,"25":0,"26":0,"27":0,"28":0,"29":0,"30":0,"31":1,"32":0,"33":0,"34":0,"35":0,"36":1,"37":0,"38":0,"39":0,"40":1,"41":0,"42":0,"43":0,"44":0,"45":1,"46":0,"47":0,"48":0,"49":0,"50":1,"51":0,"52":0,"53":0,"54":0,"55":0,"56":0,"57":1,"58":0,"59":0,"60":0,"61":0,"62":0,"63":0,"64":0,"65":0,"66":0,"67":0,"68":0,"69":0,"70":1,"71":0,"72":0,"73":0,"74":0,"75":1,"76":0,"77":0,"78":0,"79":0,"80":0,"81":0,"82":1,"83":0,"84":0,"85":0,"86":1,"87":0,"88":0,"89":0,"90":0,"91":0,"92":0,"93":0,"94":0,"95":0,"96":0,"97":0,"98":1,"99":1},"b":{"1":[2,0],"2":[0,2],"3":[0,0],"4":[0,0],"5":[0,0],"6":[0,0],"7":[1,0],"8":[1,1],"9":[0,0],"10":[0,0],"11":[0,0],"12":[0,0],"13":[0,0],"14":[0,0],"15":[0,0],"16":[0,0],"17":[0,0],"18":[0,0],"19":[0,0],"20":[0,0],"21":[0,0],"22":[0,0],"23":[0,0],"24":[0,0],"25":[0,0],"26":[0,0]},"f":{"1":1,"2":2,"3":1,"4":1,"5":0,"6":0,"7":0,"8":0,"9":0,"10":1,"11":0,"12":0,"13":0,"14":0,"15":0,"16":0,"17":0,"18":0,"19":0,"20":0,"21":0},"fnMap":{"1":{"name":"e","line":1,"loc":{"start":{"line":1,"column":1},"end":{"line":1,"column":18}}},"2":{"name":"s","line":1,"loc":{"start":{"line":1,"column":19},"end":{"line":1,"column":34}}},"3":{"name":"(anonymous_3)","line":1,"loc":{"start":{"line":1,"column":234},"end":{"line":1,"column":245}}},"4":{"name":"(anonymous_4)","line":1,"loc":{"start":{"line":1,"column":413},"end":{"line":1,"column":445}}},"5":{"name":"(anonymous_5)","line":4,"loc":{"start":{"line":4,"column":35},"end":{"line":4,"column":67}}},"6":{"name":"cloneFunction","line":20,"loc":{"start":{"line":20,"column":0},"end":{"line":20,"column":29}}},"7":{"name":"(anonymous_7)","line":35,"loc":{"start":{"line":35,"column":9},"end":{"line":35,"column":41}}},"8":{"name":"objectForeach","line":46,"loc":{"start":{"line":46,"column":0},"end":{"line":46,"column":38}}},"9":{"name":"(anonymous_9)","line":48,"loc":{"start":{"line":48,"column":29},"end":{"line":48,"column":45}}},"10":{"name":"(anonymous_10)","line":54,"loc":{"start":{"line":54,"column":9},"end":{"line":54,"column":41}}},"11":{"name":"ObjectMergeOptions","line":63,"loc":{"start":{"line":63,"column":0},"end":{"line":63,"column":34}}},"12":{"name":"createOptions","line":104,"loc":{"start":{"line":104,"column":0},"end":{"line":104,"column":29}}},"13":{"name":"objectMerge","line":171,"loc":{"start":{"line":171,"column":0},"end":{"line":171,"column":30}}},"14":{"name":"getShadowObjects","line":180,"loc":{"start":{"line":180,"column":4},"end":{"line":180,"column":39}}},"15":{"name":"(anonymous_15)","line":181,"loc":{"start":{"line":181,"column":33},"end":{"line":181,"column":62}}},"16":{"name":"getOutputObject","line":192,"loc":{"start":{"line":192,"column":4},"end":{"line":192,"column":38}}},"17":{"name":"circularReferenceCheck","line":212,"loc":{"start":{"line":212,"column":4},"end":{"line":212,"column":45}}},"18":{"name":"(anonymous_18)","line":215,"loc":{"start":{"line":215,"column":24},"end":{"line":215,"column":40}}},"19":{"name":"objectMergeRecursor","line":224,"loc":{"start":{"line":224,"column":4},"end":{"line":224,"column":56}}},"20":{"name":"shadowHandler","line":235,"loc":{"start":{"line":235,"column":8},"end":{"line":235,"column":50}}},"21":{"name":"shadowMerger","line":246,"loc":{"start":{"line":246,"column":8},"end":{"line":246,"column":38}}}},"statementMap":{"1":{"start":{"line":1,"column":0},"end":{"line":275,"column":51}},"2":{"start":{"line":1,"column":19},"end":{"line":1,"column":321}},"3":{"start":{"line":1,"column":35},"end":{"line":1,"column":301}},"4":{"start":{"line":1,"column":45},"end":{"line":1,"column":187}},"5":{"start":{"line":1,"column":55},"end":{"line":1,"column":97}},"6":{"start":{"line":1,"column":97},"end":{"line":1,"column":121}},"7":{"start":{"line":1,"column":106},"end":{"line":1,"column":121}},"8":{"start":{"line":1,"column":121},"end":{"line":1,"column":141}},"9":{"start":{"line":1,"column":126},"end":{"line":1,"column":141}},"10":{"start":{"line":1,"column":141},"end":{"line":1,"column":186}},"11":{"start":{"line":1,"column":187},"end":{"line":1,"column":211}},"12":{"start":{"line":1,"column":211},"end":{"line":1,"column":300}},"13":{"start":{"line":1,"column":246},"end":{"line":1,"column":263}},"14":{"start":{"line":1,"column":263},"end":{"line":1,"column":278}},"15":{"start":{"line":1,"column":301},"end":{"line":1,"column":320}},"16":{"start":{"line":1,"column":321},"end":{"line":1,"column":363}},"17":{"start":{"line":1,"column":363},"end":{"line":1,"column":398}},"18":{"start":{"line":1,"column":390},"end":{"line":1,"column":398}},"19":{"start":{"line":1,"column":398},"end":{"line":1,"column":406}},"20":{"start":{"line":2,"column":0},"end":{"line":2,"column":48}},"21":{"start":{"line":20,"column":0},"end":{"line":33,"column":1}},"22":{"start":{"line":21,"column":4},"end":{"line":21,"column":17}},"23":{"start":{"line":22,"column":4},"end":{"line":31,"column":5}},"24":{"start":{"line":23,"column":8},"end":{"line":23,"column":30}},"25":{"start":{"line":24,"column":8},"end":{"line":28,"column":9}},"26":{"start":{"line":25,"column":12},"end":{"line":25,"column":23}},"27":{"start":{"line":27,"column":12},"end":{"line":27,"column":62}},"28":{"start":{"line":30,"column":8},"end":{"line":30,"column":54}},"29":{"start":{"line":32,"column":4},"end":{"line":32,"column":15}},"30":{"start":{"line":34,"column":0},"end":{"line":34,"column":31}},"31":{"start":{"line":46,"column":0},"end":{"line":52,"column":1}},"32":{"start":{"line":48,"column":4},"end":{"line":50,"column":7}},"33":{"start":{"line":49,"column":8},"end":{"line":49,"column":39}},"34":{"start":{"line":51,"column":4},"end":{"line":51,"column":15}},"35":{"start":{"line":53,"column":0},"end":{"line":53,"column":31}},"36":{"start":{"line":63,"column":0},"end":{"line":70,"column":1}},"37":{"start":{"line":65,"column":4},"end":{"line":65,"column":22}},"38":{"start":{"line":66,"column":4},"end":{"line":66,"column":37}},"39":{"start":{"line":69,"column":4},"end":{"line":69,"column":111}},"40":{"start":{"line":104,"column":0},"end":{"line":110,"column":1}},"41":{"start":{"line":106,"column":4},"end":{"line":106,"column":56}},"42":{"start":{"line":107,"column":4},"end":{"line":107,"column":23}},"43":{"start":{"line":108,"column":4},"end":{"line":108,"column":68}},"44":{"start":{"line":109,"column":4},"end":{"line":109,"column":19}},"45":{"start":{"line":171,"column":0},"end":{"line":272,"column":1}},"46":{"start":{"line":173,"column":4},"end":{"line":173,"column":50}},"47":{"start":{"line":174,"column":4},"end":{"line":174,"column":50}},"48":{"start":{"line":176,"column":4},"end":{"line":176,"column":21}},"49":{"start":{"line":178,"column":4},"end":{"line":178,"column":21}},"50":{"start":{"line":180,"column":4},"end":{"line":190,"column":5}},"51":{"start":{"line":181,"column":8},"end":{"line":188,"column":19}},"52":{"start":{"line":182,"column":16},"end":{"line":186,"column":17}},"53":{"start":{"line":183,"column":20},"end":{"line":183,"column":43}},"54":{"start":{"line":185,"column":20},"end":{"line":185,"column":35}},"55":{"start":{"line":187,"column":16},"end":{"line":187,"column":33}},"56":{"start":{"line":189,"column":8},"end":{"line":189,"column":19}},"57":{"start":{"line":192,"column":4},"end":{"line":210,"column":5}},"58":{"start":{"line":193,"column":8},"end":{"line":193,"column":16}},"59":{"start":{"line":194,"column":8},"end":{"line":194,"column":53}},"60":{"start":{"line":195,"column":8},"end":{"line":208,"column":9}},"61":{"start":{"line":196,"column":12},"end":{"line":196,"column":21}},"62":{"start":{"line":197,"column":15},"end":{"line":208,"column":9}},"63":{"start":{"line":198,"column":12},"end":{"line":202,"column":13}},"64":{"start":{"line":199,"column":16},"end":{"line":199,"column":48}},"65":{"start":{"line":201,"column":16},"end":{"line":201,"column":43}},"66":{"start":{"line":203,"column":15},"end":{"line":208,"column":9}},"67":{"start":{"line":204,"column":12},"end":{"line":204,"column":21}},"68":{"start":{"line":207,"column":12},"end":{"line":207,"column":29}},"69":{"start":{"line":209,"column":8},"end":{"line":209,"column":19}},"70":{"start":{"line":212,"column":4},"end":{"line":223,"column":5}},"71":{"start":{"line":215,"column":8},"end":{"line":219,"column":11}},"72":{"start":{"line":216,"column":12},"end":{"line":218,"column":13}},"73":{"start":{"line":217,"column":16},"end":{"line":217,"column":60}},"74":{"start":{"line":222,"column":8},"end":{"line":222,"column":42}},"75":{"start":{"line":224,"column":4},"end":{"line":260,"column":5}},"76":{"start":{"line":225,"column":8},"end":{"line":229,"column":9}},"77":{"start":{"line":226,"column":12},"end":{"line":226,"column":63}},"78":{"start":{"line":228,"column":12},"end":{"line":228,"column":29}},"79":{"start":{"line":230,"column":8},"end":{"line":232,"column":9}},"80":{"start":{"line":231,"column":12},"end":{"line":231,"column":44}},"81":{"start":{"line":233,"column":8},"end":{"line":233,"column":43}},"82":{"start":{"line":235,"column":8},"end":{"line":244,"column":9}},"83":{"start":{"line":236,"column":12},"end":{"line":243,"column":13}},"84":{"start":{"line":237,"column":16},"end":{"line":240,"column":33}},"85":{"start":{"line":242,"column":16},"end":{"line":242,"column":78}},"86":{"start":{"line":246,"column":8},"end":{"line":248,"column":9}},"87":{"start":{"line":247,"column":12},"end":{"line":247,"column":49}},"88":{"start":{"line":251,"column":8},"end":{"line":258,"column":9}},"89":{"start":{"line":256,"column":12},"end":{"line":256,"column":60}},"90":{"start":{"line":257,"column":12},"end":{"line":257,"column":50}},"91":{"start":{"line":259,"column":8},"end":{"line":259,"column":19}},"92":{"start":{"line":264,"column":4},"end":{"line":270,"column":5}},"93":{"start":{"line":265,"column":8},"end":{"line":265,"column":31}},"94":{"start":{"line":266,"column":8},"end":{"line":266,"column":59}},"95":{"start":{"line":268,"column":8},"end":{"line":268,"column":34}},"96":{"start":{"line":269,"column":8},"end":{"line":269,"column":59}},"97":{"start":{"line":271,"column":4},"end":{"line":271,"column":40}},"98":{"start":{"line":273,"column":0},"end":{"line":273,"column":42}},"99":{"start":{"line":274,"column":0},"end":{"line":274,"column":29}}},"branchMap":{"1":{"line":1,"type":"if","locations":[{"start":{"line":1,"column":35},"end":{"line":1,"column":35}},{"start":{"line":1,"column":35},"end":{"line":1,"column":35}}]},"2":{"line":1,"type":"if","locations":[{"start":{"line":1,"column":45},"end":{"line":1,"column":45}},{"start":{"line":1,"column":45},"end":{"line":1,"column":45}}]},"3":{"line":1,"type":"binary-expr","locations":[{"start":{"line":1,"column":61},"end":{"line":1,"column":87}},{"start":{"line":1,"column":89},"end":{"line":1,"column":96}}]},"4":{"line":1,"type":"if","locations":[{"start":{"line":1,"column":97},"end":{"line":1,"column":97}},{"start":{"line":1,"column":97},"end":{"line":1,"column":97}}]},"5":{"line":1,"type":"binary-expr","locations":[{"start":{"line":1,"column":100},"end":{"line":1,"column":102}},{"start":{"line":1,"column":104},"end":{"line":1,"column":105}}]},"6":{"line":1,"type":"if","locations":[{"start":{"line":1,"column":121},"end":{"line":1,"column":121}},{"start":{"line":1,"column":121},"end":{"line":1,"column":121}}]},"7":{"line":1,"type":"cond-expr","locations":[{"start":{"line":1,"column":274},"end":{"line":1,"column":275}},{"start":{"line":1,"column":276},"end":{"line":1,"column":277}}]},"8":{"line":1,"type":"binary-expr","locations":[{"start":{"line":1,"column":327},"end":{"line":1,"column":353}},{"start":{"line":1,"column":355},"end":{"li
[...]
g()) {","    this.queue.insertNext(block);","  } else {","    this.queue.add(block);","  }","};","","/**"," * @param {jasmine.ExpectationResult} result"," */","jasmine.Spec.prototype.addMatcherResult = function(result) {","  this.results_.addResult(result);","};","","jasmine.Spec.prototype.expect = function(actual) {","  var positive = new (this.getMatchersClass_())(this.env, actual, this);","  positive.not = new (this.getMatchersClass_())(this.env, actual, this, true);","  return positive;","};","","/**"," * Waits a fixed time period before moving to the next block."," *"," * @deprecated Use waitsFor() instead"," * @param {Number} timeout milliseconds to wait"," */","jasmine.Spec.prototype.waits = function(timeout) {","  var waitsFunc = new jasmine.WaitsBlock(this.env, timeout, this);","  this.addToQueue(waitsFunc);","  return this;","};","","/**"," * Waits for the latchFunction to return true before proceeding to the next block."," *"," * @param {Function} latchFunction"," * @param {String} optional_timeoutMessage"," * @param {Number} optional_timeout"," */","jasmine.Spec.prototype.waitsFor = function(latchFunction, optional_timeoutMessage, optional_timeout) {","  var latchFunction_ = null;","  var optional_timeoutMessage_ = null;","  var optional_timeout_ = null;","","  for (var i = 0; i < arguments.length; i++) {","    var arg = arguments[i];","    switch (typeof arg) {","      case 'function':","        latchFunction_ = arg;","        break;","      case 'string':","        optional_timeoutMessage_ = arg;","        break;","      case 'number':","        optional_timeout_ = arg;","        break;","    }","  }","","  var waitsForFunc = new jasmine.WaitsForBlock(this.env, optional_timeout_, latchFunction_, optional_timeoutMessage_, this);","  this.addToQueue(waitsForFunc);","  return this;","};","","jasmine.Spec.prototype.fail = function (e) {","  var expectationResult = new jasmine.ExpectationResult({","    passed: false,","    message: e ? jasmine.util.formatException(e) : 'Exception',","    trace: { stack: e.stack }","  });","  this.results_.addResult(expectationResult);","};","","jasmine.Spec.prototype.getMatchersClass_ = function() {","  return this.matchersClass || this.env.matchersClass;","};","","jasmine.Spec.prototype.addMatchers = function(matchersPrototype) {","  var parent = this.getMatchersClass_();","  var newMatchersClass = function() {","    parent.apply(this, arguments);","  };","  jasmine.util.inherit(newMatchersClass, parent);","  jasmine.Matchers.wrapInto_(matchersPrototype, newMatchersClass);","  this.matchersClass = newMatchersClass;","};","","jasmine.Spec.prototype.finishCallback = function() {","  this.env.reporter.reportSpecResults(this);","};","","jasmine.Spec.prototype.finish = function(onComplete) {","  this.removeAllSpies();","  this.finishCallback();","  if (onComplete) {","    onComplete();","  }","};","","jasmine.Spec.prototype.after = function(doAfter) {","  if (this.queue.isRunning()) {","    this.queue.add(new jasmine.Block(this.env, doAfter, this), true);","  } else {","    this.afterCallbacks.unshift(doAfter);","  }","};","","jasmine.Spec.prototype.execute = function(onComplete) {","  var spec = this;","  if (!spec.env.specFilter(spec)) {","    spec.results_.skipped = true;","    spec.finish(onComplete);","    return;","  }","","  this.env.reporter.reportSpecStarting(this);","","  spec.env.currentSpec = spec;","","  spec.addBeforesAndAftersToQueue();","","  spec.queue.start(function () {","    spec.finish(onComplete);","  });","};","","jasmine.Spec.prototype.addBeforesAndAftersToQueue = function() {","  var runner = this.env.currentRunner();","  var i;","","  for (var suite = this.suite; suite; suite = suite.parentSuite) {","    for (i = 0; i < suite.before_.length; i++) {","      this.queue.addBefore(new jasmine.Block(this.env, suite.before_[i], this));","    }","  }","  for (i = 0; i < runner.before_.length; i++) {","    this.queue.addBefore(new jasmine.Block(this.env, runner.before_[i], this));","  }","  for (i = 0; i < this.afterCallbacks.length; i++) {","    this.queue.add(new jasmine.Block(this.env, this.afterCallbacks[i], this), true);","  }","  for (suite = this.suite; suite; suite = suite.parentSuite) {","    for (i = 0; i < suite.after_.length; i++) {","      this.queue.add(new jasmine.Block(this.env, suite.after_[i], this), true);","    }","  }","  for (i = 0; i < runner.after_.length; i++) {","    this.queue.add(new jasmine.Block(this.env, runner.after_[i], this), true);","  }","};","","jasmine.Spec.prototype.explodes = function() {","  throw 'explodes function should not have been called';","};","","jasmine.Spec.prototype.spyOn = function(obj, methodName, ignoreMethodDoesntExist) {","  if (obj == jasmine.undefined) {","    throw \"spyOn could not find an object to spy upon for \" + methodName + \"()\";","  }","","  if (!ignoreMethodDoesntExist && obj[methodName] === jasmine.undefined) {","    throw methodName + '() method does not exist';","  }","","  if (!ignoreMethodDoesntExist && obj[methodName] && obj[methodName].isSpy) {","    throw new Error(methodName + ' has already been spied upon');","  }","","  var spyObj = jasmine.createSpy(methodName);","","  this.spies_.push(spyObj);","  spyObj.baseObj = obj;","  spyObj.methodName = methodName;","  spyObj.originalValue = obj[methodName];","","  obj[methodName] = spyObj;","","  return spyObj;","};","","jasmine.Spec.prototype.removeAllSpies = function() {","  for (var i = 0; i < this.spies_.length; i++) {","    var spy = this.spies_[i];","    spy.baseObj[spy.methodName] = spy.originalValue;","  }","  this.spies_ = [];","};","","/**"," * Internal representation of a Jasmine suite."," *"," * @constructor"," * @param {jasmine.Env} env"," * @param {String} description"," * @param {Function} specDefinitions"," * @param {jasmine.Suite} parentSuite"," */","jasmine.Suite = function(env, description, specDefinitions, parentSuite) {","  var self = this;","  self.id = env.nextSuiteId ? env.nextSuiteId() : null;","  self.description = description;","  self.queue = new jasmine.Queue(env);","  self.parentSuite = parentSuite;","  self.env = env;","  self.before_ = [];","  self.after_ = [];","  self.children_ = [];","  self.suites_ = [];","  self.specs_ = [];","};","","jasmine.Suite.prototype.getFullName = function() {","  var fullName = this.description;","  for (var parentSuite = this.parentSuite; parentSuite; parentSuite = parentSuite.parentSuite) {","    fullName = parentSuite.description + ' ' + fullName;","  }","  return fullName;","};","","jasmine.Suite.prototype.finish = function(onComplete) {","  this.env.reporter.reportSuiteResults(this);","  this.finished = true;","  if (typeof(onComplete) == 'function') {","    onComplete();","  }","};","","jasmine.Suite.prototype.beforeEach = function(beforeEachFunction) {","  beforeEachFunction.typeName = 'beforeEach';","  this.before_.unshift(beforeEachFunction);","};","","jasmine.Suite.prototype.afterEach = function(afterEachFunction) {","  afterEachFunction.typeName = 'afterEach';","  this.after_.unshift(afterEachFunction);","};","","jasmine.Suite.prototype.results = function() {","  return this.queue.results();","};","","jasmine.Suite.prototype.add = function(suiteOrSpec) {","  this.children_.push(suiteOrSpec);","  if (suiteOrSpec instanceof jasmine.Suite) {","    this.suites_.push(suiteOrSpec);","    this.env.currentRunner().addSuite(suiteOrSpec);","  } else {","    this.specs_.push(suiteOrSpec);","  }","  this.queue.add(suiteOrSpec);","};","","jasmine.Suite.prototype.specs = function() {","  return this.specs_;","};","","jasmine.Suite.prototype.suites = function() {","  return this.suites_;","};","","jasmine.Suite.prototype.children = function() {","  return this.children_;","};","","jasmine.Suite.prototype.execute = function(onComplete) {","  var self = this;","  this.queue.start(function () {","    self.finish(onComplete);","  });","};","jasmine.WaitsBlock = function(env, timeout, spec) {","  this.timeout = timeout;","  jasmine.Block.call(this, env, null, spec);","};","","jasmine.util.inherit(jasmine.WaitsBlock, jasmine.Block);","","jasmine.WaitsBlock.prototype.execute = function (onComplete) {","  if (jasmine.VERBOSE) {","    this.env.reporter.log('>> Jasmine waiting for ' + this.timeout + ' ms...');","  }","  this.env.setTimeout(function () {","    onComplete();","  }, this.timeout);","};","/**"," * A block which waits for some condition to become true, with timeout."," *"," * @constructor"," * @extends jasmine.Block"," * @param {jasmine.Env} env The Jasmine environment."," * @param {Number} timeout The maximum time in milliseconds to wait for the condition to become true."," * @param {Function} latchFunction A function which returns true when the desired condition has been met."," * @param {String} message The message to display if the desired condition hasn't been met within the given time period."," * @param {jasmine.Spec} spec The Jasmine spec."," */","jasmine.WaitsForBlock = function(env, timeout, latchFunction, message, spec) {","  this.timeout = timeout || env.defaultTimeoutInterval;","  this.latchFunction = latchFunction;","  this.message = message;","  this.totalTimeSpentWaitingForLatch = 0;","  jasmine.Block.call(this, env, null, spec);","};","jasmine.util.inherit(jasmine.WaitsForBlock, jasmine.Block);","","jasmine.WaitsForBlock.TIMEOUT_INCREMENT = 10;","","jasmine.WaitsForBlock.prototype.execute = function(onComplete) {","  if (jasmine.VERBOSE) {","    this.env.reporter.log('>> Jasmine waiting for ' + (this.message || 'something to happen'));","  }","  var latchFunctionResult;","  try {","    latchFunctionResult = this.latchFunction.apply(this.spec);","  } catch (e) {","    this.spec.fail(e);","    onComplete();","    return;","  }","","  if (latchFunctionResult) {","    onComplete();","  } else if (this.totalTimeSpentWaitingForLatch >= this.timeout) {","    var message = 'timed out after ' + this.timeout + ' msec waiting for ' + (this.message || 'something to happen');","    this.spec.fail({","      name: 'timeout',","      message: message","    });","","    this.abort = true;","    onComplete();","  } else {","    this.totalTimeSpentWaitingForLatch += jasmine.WaitsForBlock.TIMEOUT_INCREMENT;","    var self = this;","    this.env.setTimeout(function() {","      self.execute(onComplete);","    }, jasmine.WaitsForBlock.TIMEOUT_INCREMENT);","  }","};","","jasmine.version_= {","  \"major\": 1,","  \"minor\": 3,","  \"build\": 1,","  \"revision\": 1354556913","};",""],"l":{"1":1,"8":1,"9":1,"13":1,"14":0,"23":1,"29":1,"35":1,"40":1,"45":1,"52":1,"54":1,"55":1,"56":12,"59":12,"70":1,"71":4,"72":4,"73":4,"74":0,"78":0,"82":1,"83":1,"84":1,"85":1,"87":1,"88":0,"89":0,"90":0,"93":1,"94":0,"95":0,"96":0,"97":0,"98":0,"100":0,"103":0,"106":1,"107":0,"108":0,"109":0,"110":0,"111":0,"112":0,"114":0,"115":0,"118":1,"119":0,"122":1,"123":0,"129":1,"130":0,"131":0,"140":1,"141":0,"150":1,"151":0,"160":1,"161":0,"171":1,"172":0,"181":1,"182":0,"183":0,"184":0,"193":1,"194":0,"207":1,"208":0,"222":1,"223":0,"270":1,"274":0,"278":0,"282":0,"291":0,"303":0,"304":0,"318":1,"319":0,"320":0,"335":1,"336":0,"337":0,"339":0,"354":1,"355":0,"356":0,"358":0,"376":1,"377":0,"378":0,"395":1,"396":0,"397":0,"398":0,"399":0,"400":0,"403":1,"405":0,"406":0,"407":0,"408":0,"409":0,"410":0,"411":0,"412":0,"413":0,"416":0,"418":0,"419":0,"422":0,"424":0,"433":1,"434":0,"444":1,"445":0,"446":0,"448":0,"449":0,"450":0,"452":0,"460":1,"461":0,"462":0,"480":1,"481":0,"483":1,"498":1,"499":0,"501":1,"511":1,"512":0,"514":1,"525":1,"526":0,"528":1,"535":1,"536":0,"538":1,"546":1,"547":0,"549":1,"558":1,"559":0,"561":1,"570":1,"571":0,"573":1,"582":1,"583":0,"585":1,"602":1,"603":0,"605":1,"613":1,"614":0,"616":1,"620":1,"621":1,"622":0,"623":0,"626":0,"629":0,"630":0,"633":0,"636":0,"639":0,"642":0,"644":0,"649":1,"658":1,"662":4,"664":4,"665":4,"668":1,"669":0,"670":0,"671":0,"673":0,"674":0,"677":0,"679":0,"680":0,"682":0,"683":0,"686":0,"688":0,"689":0,"692":0,"695":1,"696":0,"697":0,"702":1,"703":0,"704":0,"705":0,"708":1,"709":0,"710":0,"718":1,"719":0,"720":0,"721":0,"723":0,"725":0,"726":0,"727":0,"728":0,"729":0,"732":0,"733":0,"734":0,"737":0,"738":0,"740":0,"742":0,"746":1,"747":1,"748":1,"749":1,"754":1,"755":0,"756":0,"758":0,"765":1,"766":0,"767":0,"770":0,"771":0,"772":0,"773":0,"775":0,"776":0,"782":1,"783":0,"789":1,"790":0,"797":1,"798":0,"801":1,"802":0,"805":1,"806":0,"808":0,"809":0,"810":0,"812":0,"815":0,"817":0,"818":0,"819":0,"821":0,"824":0,"825":0,"826":0,"830":0,"832":0,"835":1,"836":0,"837":0,"839":0,"843":1,"844":0,"847":1,"848":0,"849":0,"851":0,"856":1,"857":0,"863":1,"864":0,"865":0,"866":0,"868":0,"869":0,"872":0,"875":1,"876":0,"883":1,"884":0,"885":0,"887":0,"888":0,"890":0,"891":0,"893":0,"894":0,"896":0,"897":0,"899":0,"902":1,"903":0,"904":0,"907":0,"908":0,"910":0,"911":0,"914":0,"915":0,"916":0,"919":0,"920":0,"921":0,"924":0,"925":0,"926":0,"927":0,"931":0,"932":0,"935":0,"936":0,"937":0,"940":1,"941":0,"942":0,"944":0,"945":0,"946":0,"947":0,"950":0,"952":0,"953":0,"956":0,"957":0,"960":0,"961":0,"964":0,"965":0,"968":0,"969":0,"972":0,"973":0,"976":0,"977":0,"980":0,"981":0,"984":0,"985":0,"988":0,"989":0,"992":0,"993":0,"997":0,"1000":1,"1001":0,"1002":0,"1003":0,"1005":0,"1007":0,"1010":1,"1011":0,"1017":1,"1021":1,"1025":1,"1029":1,"1033":1,"1037":1,"1041":1,"1052":1,"1053":0,"1054":0,"1055":0,"1058":1,"1059":0,"1060":0,"1063":0,"1064":0,"1066":0,"1069":0,"1075":1,"1076":0,"1077":0,"1078":0,"1079":0,"1082":1,"1083":0,"1084":0,"1085":0,"1086":0,"1087":0,"1091":1,"1092":0,"1095":1,"1096":0,"1097":0,"1104":0,"1105":0,"1106":0,"1107":0,"1110":0,"1113":1,"1114":0,"1117":1,"1118":0,"1122":1,"1123":0,"1127":1,"1131":1,"1132":0,"1139":1,"1142":1,"1143":0,"1144":0,"1145":0,"1146":0,"1148":0,"1151":1,"1152":0,"1153":0,"1154":0,"1155":0,"1156":0,"1167":0,"1179":1,"1180":0,"1181":0,"1182":0,"1183":0,"1184":0,"1188":1,"1189":0,"1193":1,"1194":0,"1197":1,"1198":0,"1199":0,"1200":0,"1201":0,"1205":1,"1206":0,"1207":0,"1208":0,"1210":0,"1211":0,"1214":0,"1216":0,"1217":0,"1218":0,"1219":0,"1220":0,"1221":0,"1224":0,"1225":0,"1226":0,"1227":0,"1228":0,"1229":0,"1232":0,"1235":0,"1242":0,"1243":0,"1254":1,"1255":0,"1263":1,"1264":0,"1272":1,"1273":0,"1281":1,"1282":0,"1291":1,"1292":0,"1300":1,"1301":0,"1307":1,"1308":0,"1314":1,"1315":0,"1321":1,"1322":0,"1328":1,"1329":0,"1330":0,"1333":0,"1339":1,"1340":0,"1347":1,"1348":0,"1355":1,"1356":0,"1357":0,"1360":0,"1361":0,"1364":0,"1365":0,"1371":0,"1375":1,"1382":1,"1383":0,"1384":0,"1387":0,"1388":0,"1391":0,"1392":0,"1398":0,"1407":1,"1408":0,"1409":0,"1410":0,"1412":0,"1413":0,"1414":0,"1415":0,"1416":0,"1418":0,"1420":0,"1423":0,"1427":1,"1430":1,"1431":0,"1432":0,"1433":0,"1436":0,"1437":0,"1443":0,"1451":1,"1452":0,"1461":1,"1462":0,"1465":1,"1466":0,"1469":1,"1470":0,"1480":1,"1481":0,"1482":0,"1484":0,"1492":1,"1493":0,"1494":0,"1495":0,"1496":0,"1498":0,"1499":0,"1501":0,"1503":0,"1504":0,"1507":0,"1509":0,"1510":0,"1511":0,"1513":0,"1517":0,"1520":1,"1521":0,"1524":1,"1525":0,"1526":0,"1529":0,"1530":0,"1533":0,"1534":0,"1537":0,"1538":0,"1541":0,"1544":1,"1545":0,"1548":1,"1549":0,"1552":1,"1553":0,"1554":0,"1556":0,"1558":0,"1559":0,"1562":0,"1563":0,"1564":0,"1566":0,"1567":0,"1571":0,"1574":1,"1575":0,"1580":1,"1581":1,"1583":1,"1584":1,"1585":0,"1586":0,"1587":0,"1590":1,"1591":0,"1592":0,"1593":0,"1596":1,"1597":0,"1600":1,"1601":0,"1606":1,"1607":1,"1608":1,"1609":1,"1612":1,"1613":0,"1614":0,"1615":0,"1616":0,"1619":1,"1620":0,"1621":0,"1622":0,"1623":0,"1624":0,"1627":0,"1628":0,"1632":0,"1633":0,"1634":0,"1636":0,"1637":0,"1638":0,"1639":0,"1640":0,"1641":0,"1642":0,"1650":0,"1654":1,"1655":0,"1667":1,"1671":0,"1672":0,"1676":0,"1677":0,"1681":0,"1685":0,"1689":0,"1690":0,"1691":0,"1693":0,"1698":0,"1702":0,"1703":0,"1714":0,"1715":0,"1720":0,"1725":1,"1728":1,"1729":0,"1730":0,"1732":0,"1736":1,"1737":0,"1738":0,"1740":0,"1744":1,"1745":34,"1746":34,"1748":0,"1752":1,"1753":1,"1754":1,"1756":0,"1763":1,"1764":0,"1766":1,"1768":1,"1769":0,"1772":1,"1773":1,"1781":1,"1782":6,"1783":6,"1784":6,"1785":0,"1786":0,"1787":0,"1788":0,"1800":1,"1804":0,"1808":0,"1812":0,"1816":0,"1820":0,"1828":1,"1829":0,"1830":0,"1831":0,"1838":1,"1839":0,"1845":1,"1846":0,"1853":1,"1854":0,"1855":0,"1856":0,"1858":0,"1859":0,"1860":0,"1862":0,"1866":0,"1872":1,"1873":0,"1878":1,"1879":0,"1887":1,"1888":0,"1889":0,"1890":0,"1891":0,"1892":0,"1893":0,"1894":0,"1895":0,"1896":0,"1897":0,"1898":0,"1899":0,"1900":0,"1901":0,"1902":0,"1903":0,"1904":0,"1905":0,"1906":0,"1907":0,"1908":0,"1909":0,"1910":0,"1911":0,"1912":0,"1913":0,"1914":0,"1915":0,"1917":0,"1919":0,"1921":0,"1924":0,"1928":1,"1929":0,"1930":0,"1931":0,"1932":0,"1937":1,"1938":1,"1939":1,"1940":1,"1942":1,"1943":0,"1945":0,"1947":1,"1949":1,"1950":0,"1953":1,"1954":0,"1957":1,"1958":0,"1959":0,"1960":0,"1963":0,"1964":0,"1965":0,"1966":0,"1968":0,"1970":0,"1973":1,"1974":0,"1975":0,"1976":0,"1979":0,"1980":0,"1981":0,"1983":0,"1984":0,"1985":0,"1987":0,"1990":0,"1991":0,"1992":0,"1993":0,"1995":0,"1999":0,"2002":1,"2003":0,"2005":1,"2006":0,"2010":0,"2011":0,"2012":0,"2013":0,"2014":0,"2015":0,"2018":1,"2019":0,"2020":0,"2023":0,"2024":0,"2027":1,"2028":0,"2029":0,"2032":0,"2033":0,"2036":1,"2037":0,"2038":0,"2041":0,"2042":0,"2043":0,"2046":1,"2047":0,"2048":0,"2049":0,"2052":1,"2053":0,"2056":1,"2058":1,"2059":0,"2060":0,"2062":0,"2063":0,"2065":0,"2066":0,"2067":0,"2069":0,"2070":0,"2071":0,"2072":0,"2075":0,"2076":0,"2079":0,"2080":0,"2082":0,"2083":0,"2084":0,"2085":0,"2086":0,"2089":0,"2090":0,"2092":0,"2096":0,"2098":0,"2099":0,"2100":0,"2104":0,"2105":0,"2106":0,"2112":1,"2113":0,"2114":0,"2115":0,"2116":0,"2119":0,"2129":1,"2130":0,"2131":0,"2132":0,"2133":0,"2134":0,"2135":0,"2138":1,"2139":0,"2140":0,"2141":0,"2143":0,"2144":0,"2148":1,"2149":0,"2150":0,"2153":1,"2154":0,"2155":0,"2159":1,"2160":0,"2163":1,"2164":0,"2167":1,"2168":0,"2169":0,"2171":0,"2174":1,"2175":0,"2176":0,"2177":0,"2178":0,"2180":0,"2183":1,"2184":0,"2187":1,"2188":0,"2189":0,"2190":0,"2191":0,"2194":0,"2197":1,"2198":0,"2208":1,"2209":0,"2210":0,"2212":0,"2213":0,"2215":0,"2216":0,"2217":0,"2218":0,"2219":0,"2220":0,"2222":0,"2223":0,"2225":0,"2226":0,"2227":0,"2230":1,"2231":0,"2235":1,"2236":0,"2244":1,"2245":0,"2248":1,"2249":0,"2250":0,"2251":0,"2254":1,"2255":0,"2256":0,"2258":0,"2265":1,"2266":0,"2269":1,"2270":0,"2271":0,"2272":0,"2281":1,"2282":0,"2283":0,"2284":0,"2294":1,"2295":0,"2296":0,"2297":0,"2299":0,"2300":0,"2301":0,"2303":0,"2304":0,"2306":0,"2307":0,"2309":0,"2310":0,"2314":0,"2315":0,"2316":0,"2319":1,"2320":0,"2325":0,"2328":1,"2329":0,"2332":1,"2333":0,"2334":0,"2335":0,"2337":0,"2338":0,"2339":0,"2342":1,"2343":0,"2346":1,"2347":0,"2348":0,"2349":0,"2350":0,"2354":1,"2355":0,"2356":0,"2358":0,"2362":1,"2363":0,"2364":0,"2365":0,"2366":0,"2367":0,"2370":0,"2372":0,"2374":0,"2376":0,"2377":0,"2381":1,"2382":0,"2383":0,"2385":0,"2386":0,"2387":0,"2390":0,"2391":0,"2393":0,"2394":0,"2396":0,"2397":0,"2398":0,"2401":0,"2402":0,"2406":1,"2407":0,"2410":1,"2411":0,"2412":0,"2415":0,"2416":0,"2419":0,"2420":0,"2423":0,"2425":0,"2426":0,"2427":0,"2428":0,"2430":0,"2432":0,"2435":1,"2436":0,"2437":0,"2438":0,"2440":0,"2452":1,"2453":0,"2454":0,"2455":0,"2456":0,"2457":0,"2458":0,"2459":0,"2460":0,"2461":0,"2462":0,"2463":0,"2466":1,"2467":0,"2468":0,"2469":0,"2471":0,"2474":1,"2475":0,"2476":0,"2477":0,"2478":0,"2482":1,"2483":0,"2484":0,"2487":1,"2488":0,"2489":0,"2492":1,"2493":0,"2496":1,"2497":0,"2498":0,"2499":0,"2500":0,"2502":0,"2504":0,"2507":1,"2508":0,"2511":1,"2512":0,"2515":1,"2516":0,"2519":1,"2520":0,"2521":0,"2522":0,"2525":1,"2526":0,"2527":0,"2530":1,"2532":1,"2533":0,"2534":0,"2536":0,"2537":0,"2551":1,"2552":0,"2553":0,"2554":0,"2555":0,"2556":0,"2558":1,"2560":1,"2562":1,"2563":0,"2564":0,"2566":0,"2567":0,"2568":0,"2570":0,"2571":0,"2572":0,"2575":0,"2576":0,"2577":0,"2578":0,"2579":0,"2584":0,"2585":0,"2587":0,"2588":0,"2589":0,"2590":0,"2595":1}}}